Epoch 1: 277.4s to complete
    error(train)=5.71e-01, acc(train)=8.08e-01, error(valid)=5.92e-01, acc(valid)=8.02e-01, error(test)=6.20e-01, acc(test)=7.95e-01
Epoch 2: 276.3s to complete
    error(train)=4.53e-01, acc(train)=8.39e-01, error(valid)=4.81e-01, acc(valid)=8.31e-01, error(test)=5.13e-01, acc(test)=8.19e-01
Epoch 3: 276.0s to complete
    error(train)=3.69e-01, acc(train)=8.65e-01, error(valid)=4.17e-01, acc(valid)=8.53e-01, error(test)=4.52e-01, acc(test)=8.42e-01
Epoch 4: 275.9s to complete
    error(train)=3.29e-01, acc(train)=8.78e-01, error(valid)=3.90e-01, acc(valid)=8.63e-01, error(test)=4.18e-01, acc(test)=8.54e-01
Epoch 5: 275.9s to complete
    error(train)=3.13e-01, acc(train)=8.83e-01, error(valid)=3.88e-01, acc(valid)=8.65e-01, error(test)=4.19e-01, acc(test)=8.53e-01
Epoch 6: 274.8s to complete
    error(train)=2.83e-01, acc(train)=8.91e-01, error(valid)=3.74e-01, acc(valid)=8.71e-01, error(test)=3.99e-01, acc(test)=8.62e-01
Epoch 7: 277.4s to complete
    error(train)=2.77e-01, acc(train)=8.92e-01, error(valid)=3.81e-01, acc(valid)=8.68e-01, error(test)=4.12e-01, acc(test)=8.55e-01
Epoch 8: 280.9s to complete
    error(train)=2.59e-01, acc(train)=8.99e-01, error(valid)=3.74e-01, acc(valid)=8.72e-01, error(test)=4.06e-01, acc(test)=8.58e-01
Epoch 9: 281.0s to complete
    error(train)=2.42e-01, acc(train)=9.03e-01, error(valid)=3.85e-01, acc(valid)=8.69e-01, error(test)=4.12e-01, acc(test)=8.62e-01
Epoch 10: 281.7s to complete
    error(train)=2.34e-01, acc(train)=9.07e-01, error(valid)=3.83e-01, acc(valid)=8.72e-01, error(test)=4.14e-01, acc(test)=8.63e-01
Epoch 11: 283.0s to complete
    error(train)=2.46e-01, acc(train)=9.02e-01, error(valid)=4.08e-01, acc(valid)=8.66e-01, error(test)=4.41e-01, acc(test)=8.53e-01
Epoch 12: 283.9s to complete
    error(train)=2.14e-01, acc(train)=9.13e-01, error(valid)=3.95e-01, acc(valid)=8.73e-01, error(test)=4.33e-01, acc(test)=8.62e-01
Epoch 13: 283.3s to complete
    error(train)=2.05e-01, acc(train)=9.17e-01, error(valid)=4.17e-01, acc(valid)=8.73e-01, error(test)=4.42e-01, acc(test)=8.64e-01
Epoch 14: 284.5s to complete
    error(train)=2.10e-01, acc(train)=9.16e-01, error(valid)=4.16e-01, acc(valid)=8.69e-01, error(test)=4.49e-01, acc(test)=8.56e-01
Epoch 15: 290.2s to complete
    error(train)=2.06e-01, acc(train)=9.17e-01, error(valid)=4.42e-01, acc(valid)=8.68e-01, error(test)=4.70e-01, acc(test)=8.58e-01
Epoch 16: 284.1s to complete
    error(train)=1.86e-01, acc(train)=9.23e-01, error(valid)=4.45e-01, acc(valid)=8.73e-01, error(test)=4.71e-01, acc(test)=8.63e-01
Epoch 17: 284.5s to complete
    error(train)=1.80e-01, acc(train)=9.26e-01, error(valid)=4.45e-01, acc(valid)=8.71e-01, error(test)=4.80e-01, acc(test)=8.61e-01
Epoch 18: 284.5s to complete
    error(train)=1.75e-01, acc(train)=9.25e-01, error(valid)=4.51e-01, acc(valid)=8.70e-01, error(test)=4.81e-01, acc(test)=8.65e-01
Epoch 19: 283.7s to complete
    error(train)=1.65e-01, acc(train)=9.31e-01, error(valid)=4.55e-01, acc(valid)=8.70e-01, error(test)=4.95e-01, acc(test)=8.62e-01
Epoch 20: 284.8s to complete
    error(train)=1.61e-01, acc(train)=9.31e-01, error(valid)=4.80e-01, acc(valid)=8.69e-01, error(test)=5.19e-01, acc(test)=8.56e-01
Epoch 21: 289.5s to complete
    error(train)=1.56e-01, acc(train)=9.34e-01, error(valid)=4.84e-01, acc(valid)=8.70e-01, error(test)=5.23e-01, acc(test)=8.61e-01
Epoch 22: 284.8s to complete
    error(train)=1.56e-01, acc(train)=9.35e-01, error(valid)=5.03e-01, acc(valid)=8.70e-01, error(test)=5.37e-01, acc(test)=8.61e-01
Epoch 23: 284.4s to complete
    error(train)=1.53e-01, acc(train)=9.36e-01, error(valid)=4.79e-01, acc(valid)=8.71e-01, error(test)=5.33e-01, acc(test)=8.60e-01
Epoch 24: 284.2s to complete
    error(train)=1.42e-01, acc(train)=9.40e-01, error(valid)=5.32e-01, acc(valid)=8.71e-01, error(test)=5.85e-01, acc(test)=8.59e-01
Epoch 25: 284.2s to complete
    error(train)=1.39e-01, acc(train)=9.41e-01, error(valid)=5.10e-01, acc(valid)=8.71e-01, error(test)=5.62e-01, acc(test)=8.62e-01
Epoch 26: 282.7s to complete
    error(train)=1.48e-01, acc(train)=9.37e-01, error(valid)=5.34e-01, acc(valid)=8.66e-01, error(test)=5.67e-01, acc(test)=8.57e-01
Epoch 27: 284.1s to complete
    error(train)=1.38e-01, acc(train)=9.42e-01, error(valid)=5.52e-01, acc(valid)=8.70e-01, error(test)=6.06e-01, acc(test)=8.57e-01
Epoch 28: 284.7s to complete
    error(train)=1.28e-01, acc(train)=9.46e-01, error(valid)=5.78e-01, acc(valid)=8.68e-01, error(test)=6.28e-01, acc(test)=8.57e-01
Epoch 29: 283.9s to complete
    error(train)=1.23e-01, acc(train)=9.48e-01, error(valid)=5.70e-01, acc(valid)=8.68e-01, error(test)=5.94e-01, acc(test)=8.59e-01
Epoch 30: 284.1s to complete
    error(train)=1.37e-01, acc(train)=9.43e-01, error(valid)=5.94e-01, acc(valid)=8.66e-01, error(test)=6.34e-01, acc(test)=8.53e-01
Epoch 31: 284.1s to complete
    error(train)=1.44e-01, acc(train)=9.41e-01, error(valid)=6.31e-01, acc(valid)=8.66e-01, error(test)=6.78e-01, acc(test)=8.53e-01
Epoch 32: 284.4s to complete
    error(train)=1.26e-01, acc(train)=9.48e-01, error(valid)=6.29e-01, acc(valid)=8.66e-01, error(test)=6.66e-01, acc(test)=8.56e-01
Epoch 33: 283.7s to complete
    error(train)=1.17e-01, acc(train)=9.51e-01, error(valid)=6.46e-01, acc(valid)=8.66e-01, error(test)=6.89e-01, acc(test)=8.56e-01
Epoch 34: 283.7s to complete
    error(train)=1.20e-01, acc(train)=9.50e-01, error(valid)=6.58e-01, acc(valid)=8.64e-01, error(test)=6.90e-01, acc(test)=8.54e-01
Epoch 35: 284.7s to complete
    error(train)=1.22e-01, acc(train)=9.50e-01, error(valid)=7.23e-01, acc(valid)=8.63e-01, error(test)=7.63e-01, acc(test)=8.51e-01
Epoch 36: 283.4s to complete
    error(train)=1.17e-01, acc(train)=9.52e-01, error(valid)=6.92e-01, acc(valid)=8.67e-01, error(test)=7.39e-01, acc(test)=8.54e-01
Epoch 37: 283.5s to complete
    error(train)=1.10e-01, acc(train)=9.54e-01, error(valid)=6.26e-01, acc(valid)=8.65e-01, error(test)=6.99e-01, acc(test)=8.55e-01
Epoch 38: 285.8s to complete
    error(train)=1.16e-01, acc(train)=9.51e-01, error(valid)=7.09e-01, acc(valid)=8.60e-01, error(test)=7.57e-01, acc(test)=8.53e-01
Epoch 39: 283.6s to complete
    error(train)=1.08e-01, acc(train)=9.56e-01, error(valid)=7.12e-01, acc(valid)=8.66e-01, error(test)=7.26e-01, acc(test)=8.55e-01
Epoch 40: 282.9s to complete
    error(train)=1.07e-01, acc(train)=9.55e-01, error(valid)=7.20e-01, acc(valid)=8.63e-01, error(test)=7.81e-01, acc(test)=8.51e-01
Epoch 41: 283.7s to complete
    error(train)=1.01e-01, acc(train)=9.59e-01, error(valid)=7.21e-01, acc(valid)=8.69e-01, error(test)=7.85e-01, acc(test)=8.57e-01
Epoch 42: 282.2s to complete
    error(train)=9.96e-02, acc(train)=9.59e-01, error(valid)=7.36e-01, acc(valid)=8.64e-01, error(test)=8.14e-01, acc(test)=8.54e-01
Epoch 43: 282.6s to complete
    error(train)=1.01e-01, acc(train)=9.59e-01, error(valid)=8.11e-01, acc(valid)=8.67e-01, error(test)=8.59e-01, acc(test)=8.58e-01
Epoch 44: 283.1s to complete
    error(train)=9.86e-02, acc(train)=9.60e-01, error(valid)=7.97e-01, acc(valid)=8.62e-01, error(test)=8.39e-01, acc(test)=8.53e-01
Epoch 45: 283.3s to complete
    error(train)=9.73e-02, acc(train)=9.59e-01, error(valid)=8.35e-01, acc(valid)=8.67e-01, error(test)=8.79e-01, acc(test)=8.53e-01
Epoch 46: 281.9s to complete
    error(train)=9.59e-02, acc(train)=9.60e-01, error(valid)=7.73e-01, acc(valid)=8.61e-01, error(test)=8.12e-01, acc(test)=8.53e-01
Epoch 47: 282.1s to complete
    error(train)=1.02e-01, acc(train)=9.59e-01, error(valid)=7.94e-01, acc(valid)=8.65e-01, error(test)=8.50e-01, acc(test)=8.55e-01
Epoch 48: 281.3s to complete
    error(train)=1.01e-01, acc(train)=9.59e-01, error(valid)=8.43e-01, acc(valid)=8.63e-01, error(test)=9.10e-01, acc(test)=8.54e-01
Epoch 49: 281.6s to complete
    error(train)=8.71e-02, acc(train)=9.65e-01, error(valid)=8.61e-01, acc(valid)=8.64e-01, error(test)=9.23e-01, acc(test)=8.55e-01
Epoch 50: 281.9s to complete
    error(train)=9.04e-02, acc(train)=9.64e-01, error(valid)=8.39e-01, acc(valid)=8.63e-01, error(test)=9.25e-01, acc(test)=8.50e-01
Epoch 51: 282.0s to complete
    error(train)=9.39e-02, acc(train)=9.63e-01, error(valid)=8.19e-01, acc(valid)=8.61e-01, error(test)=9.16e-01, acc(test)=8.49e-01
Epoch 52: 282.1s to complete
    error(train)=8.57e-02, acc(train)=9.66e-01, error(valid)=8.63e-01, acc(valid)=8.64e-01, error(test)=9.26e-01, acc(test)=8.53e-01
Epoch 53: 282.8s to complete
    error(train)=8.97e-02, acc(train)=9.65e-01, error(valid)=8.80e-01, acc(valid)=8.64e-01, error(test)=9.46e-01, acc(test)=8.50e-01
Epoch 54: 282.1s to complete
    error(train)=8.92e-02, acc(train)=9.65e-01, error(valid)=8.80e-01, acc(valid)=8.62e-01, error(test)=9.65e-01, acc(test)=8.51e-01
Epoch 55: 283.2s to complete
    error(train)=1.39e-01, acc(train)=9.47e-01, error(valid)=8.44e-01, acc(valid)=8.52e-01, error(test)=9.10e-01, acc(test)=8.48e-01
Epoch 56: 282.4s to complete
    error(train)=7.88e-02, acc(train)=9.69e-01, error(valid)=8.94e-01, acc(valid)=8.66e-01, error(test)=9.82e-01, acc(test)=8.55e-01
Epoch 57: 282.8s to complete
    error(train)=9.73e-02, acc(train)=9.62e-01, error(valid)=9.07e-01, acc(valid)=8.60e-01, error(test)=1.06e+00, acc(test)=8.49e-01
Epoch 58: 282.7s to complete
    error(train)=7.84e-02, acc(train)=9.69e-01, error(valid)=8.99e-01, acc(valid)=8.68e-01, error(test)=9.97e-01, acc(test)=8.52e-01
Epoch 59: 281.6s to complete
    error(train)=7.98e-02, acc(train)=9.69e-01, error(valid)=9.41e-01, acc(valid)=8.62e-01, error(test)=1.00e+00, acc(test)=8.52e-01
Epoch 60: 282.7s to complete
    error(train)=9.06e-02, acc(train)=9.66e-01, error(valid)=9.22e-01, acc(valid)=8.60e-01, error(test)=1.01e+00, acc(test)=8.50e-01
Epoch 61: 282.5s to complete
    error(train)=9.99e-02, acc(train)=9.62e-01, error(valid)=9.97e-01, acc(valid)=8.59e-01, error(test)=1.09e+00, acc(test)=8.46e-01
Epoch 62: 283.2s to complete
    error(train)=8.09e-02, acc(train)=9.69e-01, error(valid)=9.95e-01, acc(valid)=8.58e-01, error(test)=1.07e+00, acc(test)=8.49e-01
Epoch 63: 281.9s to complete
    error(train)=7.76e-02, acc(train)=9.69e-01, error(valid)=9.55e-01, acc(valid)=8.63e-01, error(test)=1.04e+00, acc(test)=8.52e-01
Epoch 64: 282.2s to complete
    error(train)=7.99e-02, acc(train)=9.70e-01, error(valid)=1.03e+00, acc(valid)=8.62e-01, error(test)=1.13e+00, acc(test)=8.47e-01
Epoch 65: 281.7s to complete
    error(train)=7.33e-02, acc(train)=9.71e-01, error(valid)=9.98e-01, acc(valid)=8.60e-01, error(test)=1.09e+00, acc(test)=8.48e-01
Epoch 66: 282.1s to complete
    error(train)=8.19e-02, acc(train)=9.69e-01, error(valid)=1.01e+00, acc(valid)=8.60e-01, error(test)=1.09e+00, acc(test)=8.51e-01
Epoch 67: 281.8s to complete
    error(train)=8.28e-02, acc(train)=9.69e-01, error(valid)=1.03e+00, acc(valid)=8.59e-01, error(test)=1.12e+00, acc(test)=8.47e-01
Epoch 68: 282.4s to complete
    error(train)=7.51e-02, acc(train)=9.72e-01, error(valid)=9.88e-01, acc(valid)=8.61e-01, error(test)=1.08e+00, acc(test)=8.50e-01
Epoch 69: 282.2s to complete
    error(train)=8.11e-02, acc(train)=9.68e-01, error(valid)=1.04e+00, acc(valid)=8.61e-01, error(test)=1.13e+00, acc(test)=8.50e-01
Epoch 70: 281.6s to complete
    error(train)=6.47e-02, acc(train)=9.75e-01, error(valid)=9.97e-01, acc(valid)=8.62e-01, error(test)=1.10e+00, acc(test)=8.49e-01
Epoch 71: 282.1s to complete
    error(train)=6.86e-02, acc(train)=9.73e-01, error(valid)=1.02e+00, acc(valid)=8.62e-01, error(test)=1.12e+00, acc(test)=8.50e-01
Epoch 72: 282.8s to complete
    error(train)=7.93e-02, acc(train)=9.70e-01, error(valid)=1.05e+00, acc(valid)=8.57e-01, error(test)=1.14e+00, acc(test)=8.47e-01
Epoch 73: 282.9s to complete
    error(train)=7.35e-02, acc(train)=9.72e-01, error(valid)=1.14e+00, acc(valid)=8.61e-01, error(test)=1.22e+00, acc(test)=8.51e-01
Epoch 74: 282.4s to complete
    error(train)=7.88e-02, acc(train)=9.72e-01, error(valid)=1.09e+00, acc(valid)=8.60e-01, error(test)=1.19e+00, acc(test)=8.47e-01
Epoch 75: 282.7s to complete
    error(train)=9.05e-02, acc(train)=9.68e-01, error(valid)=1.05e+00, acc(valid)=8.59e-01, error(test)=1.14e+00, acc(test)=8.48e-01
Epoch 76: 282.3s to complete
    error(train)=6.48e-02, acc(train)=9.75e-01, error(valid)=1.11e+00, acc(valid)=8.59e-01, error(test)=1.21e+00, acc(test)=8.48e-01
Epoch 77: 282.0s to complete
    error(train)=7.54e-02, acc(train)=9.72e-01, error(valid)=1.08e+00, acc(valid)=8.62e-01, error(test)=1.18e+00, acc(test)=8.47e-01
Epoch 78: 282.2s to complete
    error(train)=7.62e-02, acc(train)=9.73e-01, error(valid)=1.17e+00, acc(valid)=8.58e-01, error(test)=1.23e+00, acc(test)=8.47e-01
Epoch 79: 281.5s to complete
    error(train)=6.68e-02, acc(train)=9.76e-01, error(valid)=1.11e+00, acc(valid)=8.61e-01, error(test)=1.18e+00, acc(test)=8.52e-01
Epoch 80: 281.1s to complete
    error(train)=7.06e-02, acc(train)=9.73e-01, error(valid)=1.21e+00, acc(valid)=8.58e-01, error(test)=1.26e+00, acc(test)=8.46e-01
Epoch 81: 285.9s to complete
    error(train)=6.94e-02, acc(train)=9.75e-01, error(valid)=1.20e+00, acc(valid)=8.56e-01, error(test)=1.29e+00, acc(test)=8.49e-01
Epoch 82: 281.5s to complete
    error(train)=8.52e-02, acc(train)=9.70e-01, error(valid)=1.26e+00, acc(valid)=8.53e-01, error(test)=1.32e+00, acc(test)=8.45e-01
Epoch 83: 281.2s to complete
    error(train)=7.45e-02, acc(train)=9.74e-01, error(valid)=1.12e+00, acc(valid)=8.57e-01, error(test)=1.25e+00, acc(test)=8.48e-01
Epoch 84: 281.9s to complete
    error(train)=9.02e-02, acc(train)=9.68e-01, error(valid)=1.15e+00, acc(valid)=8.53e-01, error(test)=1.23e+00, acc(test)=8.47e-01
Epoch 85: 281.4s to complete
    error(train)=6.13e-02, acc(train)=9.77e-01, error(valid)=1.16e+00, acc(valid)=8.59e-01, error(test)=1.25e+00, acc(test)=8.50e-01
Epoch 86: 280.9s to complete
    error(train)=6.97e-02, acc(train)=9.74e-01, error(valid)=1.10e+00, acc(valid)=8.57e-01, error(test)=1.19e+00, acc(test)=8.48e-01
Epoch 87: 280.6s to complete
    error(train)=9.71e-02, acc(train)=9.68e-01, error(valid)=1.35e+00, acc(valid)=8.56e-01, error(test)=1.47e+00, acc(test)=8.46e-01
Epoch 88: 281.4s to complete
    error(train)=7.17e-02, acc(train)=9.74e-01, error(valid)=1.23e+00, acc(valid)=8.58e-01, error(test)=1.32e+00, acc(test)=8.46e-01
Epoch 89: 280.8s to complete
    error(train)=6.12e-02, acc(train)=9.77e-01, error(valid)=1.19e+00, acc(valid)=8.60e-01, error(test)=1.27e+00, acc(test)=8.49e-01
Epoch 90: 281.8s to complete
    error(train)=7.08e-02, acc(train)=9.74e-01, error(valid)=1.23e+00, acc(valid)=8.60e-01, error(test)=1.30e+00, acc(test)=8.52e-01
Epoch 91: 282.2s to complete
    error(train)=7.33e-02, acc(train)=9.75e-01, error(valid)=1.21e+00, acc(valid)=8.56e-01, error(test)=1.30e+00, acc(test)=8.50e-01
Epoch 92: 281.7s to complete
    error(train)=7.42e-02, acc(train)=9.75e-01, error(valid)=1.29e+00, acc(valid)=8.58e-01, error(test)=1.34e+00, acc(test)=8.49e-01
Epoch 93: 281.8s to complete
    error(train)=7.02e-02, acc(train)=9.75e-01, error(valid)=1.23e+00, acc(valid)=8.59e-01, error(test)=1.34e+00, acc(test)=8.48e-01
Epoch 94: 281.4s to complete
    error(train)=5.86e-02, acc(train)=9.78e-01, error(valid)=1.20e+00, acc(valid)=8.61e-01, error(test)=1.29e+00, acc(test)=8.49e-01
Epoch 95: 281.0s to complete
    error(train)=6.64e-02, acc(train)=9.77e-01, error(valid)=1.30e+00, acc(valid)=8.61e-01, error(test)=1.39e+00, acc(test)=8.49e-01
Epoch 96: 282.0s to complete
    error(train)=9.29e-02, acc(train)=9.68e-01, error(valid)=1.30e+00, acc(valid)=8.60e-01, error(test)=1.37e+00, acc(test)=8.48e-01
Epoch 97: 281.8s to complete
    error(train)=7.25e-02, acc(train)=9.75e-01, error(valid)=1.34e+00, acc(valid)=8.58e-01, error(test)=1.44e+00, acc(test)=8.48e-01
Epoch 98: 281.3s to complete
    error(train)=6.16e-02, acc(train)=9.79e-01, error(valid)=1.32e+00, acc(valid)=8.58e-01, error(test)=1.42e+00, acc(test)=8.47e-01
Epoch 99: 281.4s to complete
    error(train)=7.10e-02, acc(train)=9.75e-01, error(valid)=1.29e+00, acc(valid)=8.59e-01, error(test)=1.38e+00, acc(test)=8.47e-01
Epoch 100: 282.7s to complete
    error(train)=5.85e-02, acc(train)=9.78e-01, error(valid)=1.34e+00, acc(valid)=8.62e-01, error(test)=1.44e+00, acc(test)=8.48e-01
Epoch 101: 281.6s to complete
    error(train)=7.56e-02, acc(train)=9.75e-01, error(valid)=1.33e+00, acc(valid)=8.54e-01, error(test)=1.43e+00, acc(test)=8.49e-01
Epoch 102: 281.7s to complete
    error(train)=6.59e-02, acc(train)=9.77e-01, error(valid)=1.37e+00, acc(valid)=8.62e-01, error(test)=1.47e+00, acc(test)=8.49e-01
Epoch 103: 281.3s to complete
    error(train)=6.46e-02, acc(train)=9.78e-01, error(valid)=1.36e+00, acc(valid)=8.59e-01, error(test)=1.46e+00, acc(test)=8.48e-01
Epoch 104: 281.5s to complete
    error(train)=5.77e-02, acc(train)=9.80e-01, error(valid)=1.35e+00, acc(valid)=8.60e-01, error(test)=1.48e+00, acc(test)=8.50e-01
Epoch 105: 281.9s to complete
    error(train)=5.30e-02, acc(train)=9.81e-01, error(valid)=1.34e+00, acc(valid)=8.57e-01, error(test)=1.46e+00, acc(test)=8.45e-01
Epoch 106: 282.5s to complete
    error(train)=5.69e-02, acc(train)=9.80e-01, error(valid)=1.42e+00, acc(valid)=8.58e-01, error(test)=1.56e+00, acc(test)=8.48e-01
Epoch 107: 281.2s to complete
    error(train)=6.80e-02, acc(train)=9.78e-01, error(valid)=1.37e+00, acc(valid)=8.59e-01, error(test)=1.51e+00, acc(test)=8.45e-01
Epoch 108: 282.1s to complete
    error(train)=6.92e-02, acc(train)=9.77e-01, error(valid)=1.35e+00, acc(valid)=8.57e-01, error(test)=1.44e+00, acc(test)=8.49e-01
Epoch 109: 280.7s to complete
    error(train)=6.78e-02, acc(train)=9.77e-01, error(valid)=1.30e+00, acc(valid)=8.55e-01, error(test)=1.43e+00, acc(test)=8.48e-01
Epoch 110: 280.8s to complete
    error(train)=4.75e-02, acc(train)=9.83e-01, error(valid)=1.47e+00, acc(valid)=8.58e-01, error(test)=1.60e+00, acc(test)=8.50e-01
Epoch 111: 281.5s to complete
    error(train)=1.03e-01, acc(train)=9.71e-01, error(valid)=1.40e+00, acc(valid)=8.54e-01, error(test)=1.47e+00, acc(test)=8.46e-01
Epoch 112: 281.7s to complete
    error(train)=8.13e-02, acc(train)=9.76e-01, error(valid)=1.49e+00, acc(valid)=8.57e-01, error(test)=1.60e+00, acc(test)=8.47e-01
Epoch 113: 281.3s to complete
    error(train)=8.45e-02, acc(train)=9.74e-01, error(valid)=1.45e+00, acc(valid)=8.53e-01, error(test)=1.63e+00, acc(test)=8.43e-01
Epoch 114: 282.3s to complete
    error(train)=6.87e-02, acc(train)=9.77e-01, error(valid)=1.41e+00, acc(valid)=8.54e-01, error(test)=1.56e+00, acc(test)=8.44e-01
Epoch 115: 281.5s to complete
    error(train)=7.80e-02, acc(train)=9.76e-01, error(valid)=1.52e+00, acc(valid)=8.54e-01, error(test)=1.71e+00, acc(test)=8.43e-01
Epoch 116: 281.0s to complete
    error(train)=8.16e-02, acc(train)=9.76e-01, error(valid)=1.55e+00, acc(valid)=8.57e-01, error(test)=1.70e+00, acc(test)=8.46e-01
Epoch 117: 284.0s to complete
    error(train)=5.93e-02, acc(train)=9.80e-01, error(valid)=1.51e+00, acc(valid)=8.58e-01, error(test)=1.63e+00, acc(test)=8.47e-01
Epoch 118: 281.1s to complete
    error(train)=5.60e-02, acc(train)=9.83e-01, error(valid)=1.45e+00, acc(valid)=8.57e-01, error(test)=1.61e+00, acc(test)=8.44e-01
Epoch 119: 281.1s to complete
    error(train)=5.58e-02, acc(train)=9.82e-01, error(valid)=1.43e+00, acc(valid)=8.58e-01, error(test)=1.55e+00, acc(test)=8.47e-01
Epoch 120: 280.8s to complete
    error(train)=6.89e-02, acc(train)=9.80e-01, error(valid)=1.54e+00, acc(valid)=8.59e-01, error(test)=1.70e+00, acc(test)=8.48e-01
Epoch 121: 281.8s to complete
    error(train)=5.91e-02, acc(train)=9.82e-01, error(valid)=1.50e+00, acc(valid)=8.55e-01, error(test)=1.66e+00, acc(test)=8.48e-01
Epoch 122: 281.6s to complete
    error(train)=6.27e-02, acc(train)=9.79e-01, error(valid)=1.48e+00, acc(valid)=8.59e-01, error(test)=1.59e+00, acc(test)=8.49e-01
Epoch 123: 281.3s to complete
    error(train)=5.12e-02, acc(train)=9.84e-01, error(valid)=1.54e+00, acc(valid)=8.57e-01, error(test)=1.68e+00, acc(test)=8.47e-01
Epoch 124: 285.6s to complete
    error(train)=6.30e-02, acc(train)=9.80e-01, error(valid)=1.57e+00, acc(valid)=8.54e-01, error(test)=1.74e+00, acc(test)=8.42e-01
Epoch 125: 281.6s to complete
    error(train)=5.42e-02, acc(train)=9.82e-01, error(valid)=1.54e+00, acc(valid)=8.57e-01, error(test)=1.66e+00, acc(test)=8.46e-01
Epoch 126: 281.1s to complete
    error(train)=6.46e-02, acc(train)=9.79e-01, error(valid)=1.58e+00, acc(valid)=8.56e-01, error(test)=1.74e+00, acc(test)=8.45e-01
Epoch 127: 281.2s to complete
    error(train)=5.93e-02, acc(train)=9.80e-01, error(valid)=1.48e+00, acc(valid)=8.54e-01, error(test)=1.63e+00, acc(test)=8.47e-01
Epoch 128: 281.5s to complete
    error(train)=5.07e-02, acc(train)=9.84e-01, error(valid)=1.53e+00, acc(valid)=8.56e-01, error(test)=1.71e+00, acc(test)=8.45e-01
Epoch 129: 280.5s to complete
    error(train)=1.23e-01, acc(train)=9.66e-01, error(valid)=1.71e+00, acc(valid)=8.51e-01, error(test)=1.88e+00, acc(test)=8.40e-01
Epoch 130: 280.1s to complete
    error(train)=5.75e-02, acc(train)=9.82e-01, error(valid)=1.55e+00, acc(valid)=8.56e-01, error(test)=1.70e+00, acc(test)=8.45e-01
Epoch 131: 280.0s to complete
    error(train)=5.16e-02, acc(train)=9.84e-01, error(valid)=1.58e+00, acc(valid)=8.56e-01, error(test)=1.76e+00, acc(test)=8.45e-01
Epoch 132: 279.8s to complete
    error(train)=6.88e-02, acc(train)=9.78e-01, error(valid)=1.58e+00, acc(valid)=8.57e-01, error(test)=1.73e+00, acc(test)=8.46e-01
Epoch 133: 279.8s to complete
    error(train)=4.83e-02, acc(train)=9.85e-01, error(valid)=1.68e+00, acc(valid)=8.58e-01, error(test)=1.76e+00, acc(test)=8.48e-01
Epoch 134: 279.9s to complete
    error(train)=5.74e-02, acc(train)=9.83e-01, error(valid)=1.72e+00, acc(valid)=8.55e-01, error(test)=1.83e+00, acc(test)=8.46e-01
Epoch 135: 279.7s to complete
    error(train)=6.37e-02, acc(train)=9.79e-01, error(valid)=1.46e+00, acc(valid)=8.58e-01, error(test)=1.60e+00, acc(test)=8.47e-01
Epoch 136: 279.7s to complete
    error(train)=5.70e-02, acc(train)=9.83e-01, error(valid)=1.78e+00, acc(valid)=8.53e-01, error(test)=1.90e+00, acc(test)=8.44e-01
Epoch 137: 280.3s to complete
    error(train)=7.36e-02, acc(train)=9.78e-01, error(valid)=1.60e+00, acc(valid)=8.53e-01, error(test)=1.77e+00, acc(test)=8.46e-01
Epoch 138: 279.9s to complete
    error(train)=4.46e-02, acc(train)=9.86e-01, error(valid)=1.60e+00, acc(valid)=8.58e-01, error(test)=1.77e+00, acc(test)=8.47e-01
Epoch 139: 279.7s to complete
    error(train)=6.08e-02, acc(train)=9.82e-01, error(valid)=1.62e+00, acc(valid)=8.54e-01, error(test)=1.78e+00, acc(test)=8.45e-01
Epoch 140: 279.8s to complete
    error(train)=8.19e-02, acc(train)=9.75e-01, error(valid)=1.69e+00, acc(valid)=8.53e-01, error(test)=1.84e+00, acc(test)=8.43e-01
Epoch 141: 280.2s to complete
    error(train)=6.18e-02, acc(train)=9.80e-01, error(valid)=1.71e+00, acc(valid)=8.54e-01, error(test)=1.86e+00, acc(test)=8.46e-01
Epoch 142: 279.9s to complete
    error(train)=4.98e-02, acc(train)=9.85e-01, error(valid)=1.79e+00, acc(valid)=8.56e-01, error(test)=1.91e+00, acc(test)=8.50e-01
Epoch 143: 279.7s to complete
    error(train)=8.71e-02, acc(train)=9.75e-01, error(valid)=1.68e+00, acc(valid)=8.53e-01, error(test)=1.81e+00, acc(test)=8.41e-01
Epoch 144: 279.8s to complete
    error(train)=4.88e-02, acc(train)=9.85e-01, error(valid)=1.74e+00, acc(valid)=8.60e-01, error(test)=1.95e+00, acc(test)=8.46e-01
Epoch 145: 280.3s to complete
    error(train)=5.16e-02, acc(train)=9.84e-01, error(valid)=1.79e+00, acc(valid)=8.57e-01, error(test)=1.94e+00, acc(test)=8.51e-01
Epoch 146: 280.0s to complete
    error(train)=5.87e-02, acc(train)=9.81e-01, error(valid)=1.69e+00, acc(valid)=8.56e-01, error(test)=1.83e+00, acc(test)=8.50e-01
Epoch 147: 279.9s to complete
    error(train)=8.86e-02, acc(train)=9.76e-01, error(valid)=1.83e+00, acc(valid)=8.54e-01, error(test)=2.00e+00, acc(test)=8.44e-01
Epoch 148: 280.1s to complete
    error(train)=7.13e-02, acc(train)=9.81e-01, error(valid)=1.80e+00, acc(valid)=8.50e-01, error(test)=1.97e+00, acc(test)=8.41e-01
Epoch 149: 280.5s to complete
    error(train)=6.70e-02, acc(train)=9.80e-01, error(valid)=1.64e+00, acc(valid)=8.54e-01, error(test)=1.74e+00, acc(test)=8.46e-01
Epoch 150: 281.0s to complete
    error(train)=4.22e-02, acc(train)=9.87e-01, error(valid)=1.80e+00, acc(valid)=8.60e-01, error(test)=1.94e+00, acc(test)=8.47e-01
Epoch 151: 280.5s to complete
    error(train)=6.13e-02, acc(train)=9.84e-01, error(valid)=1.82e+00, acc(valid)=8.54e-01, error(test)=1.96e+00, acc(test)=8.45e-01
Epoch 152: 281.3s to complete
    error(train)=4.46e-02, acc(train)=9.86e-01, error(valid)=1.64e+00, acc(valid)=8.55e-01, error(test)=1.81e+00, acc(test)=8.44e-01
Epoch 153: 281.6s to complete
    error(train)=5.79e-02, acc(train)=9.85e-01, error(valid)=1.97e+00, acc(valid)=8.59e-01, error(test)=2.15e+00, acc(test)=8.44e-01
Epoch 154: 280.9s to complete
    error(train)=7.51e-02, acc(train)=9.79e-01, error(valid)=1.96e+00, acc(valid)=8.50e-01, error(test)=2.12e+00, acc(test)=8.44e-01
Epoch 155: 280.5s to complete
    error(train)=5.14e-02, acc(train)=9.85e-01, error(valid)=1.77e+00, acc(valid)=8.55e-01, error(test)=2.00e+00, acc(test)=8.47e-01
Epoch 156: 280.7s to complete
    error(train)=6.53e-02, acc(train)=9.80e-01, error(valid)=1.88e+00, acc(valid)=8.59e-01, error(test)=2.02e+00, acc(test)=8.49e-01
Epoch 157: 280.3s to complete
    error(train)=5.59e-02, acc(train)=9.84e-01, error(valid)=1.77e+00, acc(valid)=8.58e-01, error(test)=2.00e+00, acc(test)=8.47e-01
Epoch 158: 281.0s to complete
    error(train)=6.58e-02, acc(train)=9.80e-01, error(valid)=1.79e+00, acc(valid)=8.54e-01, error(test)=1.97e+00, acc(test)=8.47e-01
Epoch 159: 280.9s to complete
    error(train)=4.53e-02, acc(train)=9.87e-01, error(valid)=1.85e+00, acc(valid)=8.57e-01, error(test)=2.05e+00, acc(test)=8.48e-01
Epoch 160: 280.9s to complete
    error(train)=5.63e-02, acc(train)=9.85e-01, error(valid)=1.88e+00, acc(valid)=8.53e-01, error(test)=2.04e+00, acc(test)=8.47e-01
Epoch 161: 280.6s to complete
    error(train)=4.99e-02, acc(train)=9.84e-01, error(valid)=1.69e+00, acc(valid)=8.54e-01, error(test)=1.84e+00, acc(test)=8.47e-01
Epoch 162: 281.4s to complete
    error(train)=4.95e-02, acc(train)=9.86e-01, error(valid)=1.86e+00, acc(valid)=8.58e-01, error(test)=2.03e+00, acc(test)=8.47e-01
Epoch 163: 281.7s to complete
    error(train)=6.53e-02, acc(train)=9.83e-01, error(valid)=1.99e+00, acc(valid)=8.56e-01, error(test)=2.17e+00, acc(test)=8.49e-01
Epoch 164: 281.4s to complete
    error(train)=6.55e-02, acc(train)=9.81e-01, error(valid)=1.89e+00, acc(valid)=8.57e-01, error(test)=2.06e+00, acc(test)=8.45e-01
Epoch 165: 281.9s to complete
    error(train)=6.40e-02, acc(train)=9.82e-01, error(valid)=1.94e+00, acc(valid)=8.51e-01, error(test)=2.08e+00, acc(test)=8.45e-01
Epoch 166: 282.1s to complete
    error(train)=8.41e-02, acc(train)=9.78e-01, error(valid)=1.96e+00, acc(valid)=8.54e-01, error(test)=2.22e+00, acc(test)=8.45e-01
Epoch 167: 281.7s to complete
    error(train)=4.52e-02, acc(train)=9.87e-01, error(valid)=1.93e+00, acc(valid)=8.60e-01, error(test)=2.14e+00, acc(test)=8.50e-01
Epoch 168: 281.0s to complete
    error(train)=4.93e-02, acc(train)=9.86e-01, error(valid)=2.16e+00, acc(valid)=8.57e-01, error(test)=2.32e+00, acc(test)=8.47e-01
Epoch 169: 280.8s to complete
    error(train)=8.65e-02, acc(train)=9.77e-01, error(valid)=2.03e+00, acc(valid)=8.56e-01, error(test)=2.25e+00, acc(test)=8.44e-01
Epoch 170: 281.3s to complete
    error(train)=4.98e-02, acc(train)=9.86e-01, error(valid)=1.97e+00, acc(valid)=8.52e-01, error(test)=2.17e+00, acc(test)=8.43e-01
Epoch 171: 281.2s to complete
    error(train)=5.41e-02, acc(train)=9.84e-01, error(valid)=1.84e+00, acc(valid)=8.53e-01, error(test)=2.02e+00, acc(test)=8.48e-01
Epoch 172: 280.9s to complete
    error(train)=6.13e-02, acc(train)=9.84e-01, error(valid)=2.01e+00, acc(valid)=8.51e-01, error(test)=2.22e+00, acc(test)=8.41e-01
Epoch 173: 281.5s to complete
    error(train)=6.87e-02, acc(train)=9.81e-01, error(valid)=2.00e+00, acc(valid)=8.50e-01, error(test)=2.14e+00, acc(test)=8.44e-01
Epoch 174: 280.4s to complete
    error(train)=6.55e-02, acc(train)=9.83e-01, error(valid)=2.00e+00, acc(valid)=8.53e-01, error(test)=2.23e+00, acc(test)=8.45e-01
Epoch 175: 281.2s to complete
    error(train)=4.72e-02, acc(train)=9.86e-01, error(valid)=1.94e+00, acc(valid)=8.54e-01, error(test)=2.13e+00, acc(test)=8.47e-01
Epoch 176: 281.5s to complete
    error(train)=7.74e-02, acc(train)=9.80e-01, error(valid)=2.05e+00, acc(valid)=8.52e-01, error(test)=2.20e+00, acc(test)=8.44e-01
Epoch 177: 282.2s to complete
    error(train)=7.35e-02, acc(train)=9.82e-01, error(valid)=2.23e+00, acc(valid)=8.54e-01, error(test)=2.42e+00, acc(test)=8.44e-01
Epoch 178: 280.9s to complete
    error(train)=4.55e-02, acc(train)=9.87e-01, error(valid)=2.04e+00, acc(valid)=8.56e-01, error(test)=2.20e+00, acc(test)=8.45e-01
Epoch 179: 281.2s to complete
    error(train)=5.36e-02, acc(train)=9.86e-01, error(valid)=2.00e+00, acc(valid)=8.56e-01, error(test)=2.29e+00, acc(test)=8.46e-01
Epoch 180: 281.7s to complete
    error(train)=5.20e-02, acc(train)=9.85e-01, error(valid)=2.12e+00, acc(valid)=8.56e-01, error(test)=2.33e+00, acc(test)=8.45e-01
Epoch 181: 281.8s to complete
    error(train)=5.45e-02, acc(train)=9.88e-01, error(valid)=2.18e+00, acc(valid)=8.56e-01, error(test)=2.38e+00, acc(test)=8.48e-01
Epoch 182: 281.1s to complete
    error(train)=6.40e-02, acc(train)=9.83e-01, error(valid)=2.06e+00, acc(valid)=8.52e-01, error(test)=2.19e+00, acc(test)=8.44e-01
Epoch 183: 280.7s to complete
    error(train)=4.55e-02, acc(train)=9.87e-01, error(valid)=2.03e+00, acc(valid)=8.54e-01, error(test)=2.25e+00, acc(test)=8.45e-01
Epoch 184: 281.0s to complete
    error(train)=5.08e-02, acc(train)=9.85e-01, error(valid)=2.10e+00, acc(valid)=8.53e-01, error(test)=2.23e+00, acc(test)=8.48e-01
Epoch 185: 281.1s to complete
    error(train)=4.61e-02, acc(train)=9.87e-01, error(valid)=1.97e+00, acc(valid)=8.57e-01, error(test)=2.10e+00, acc(test)=8.45e-01
Epoch 186: 283.2s to complete
    error(train)=4.67e-02, acc(train)=9.88e-01, error(valid)=2.26e+00, acc(valid)=8.54e-01, error(test)=2.36e+00, acc(test)=8.50e-01
Epoch 187: 282.6s to complete
    error(train)=5.62e-02, acc(train)=9.86e-01, error(valid)=2.17e+00, acc(valid)=8.54e-01, error(test)=2.33e+00, acc(test)=8.47e-01
Epoch 188: 282.7s to complete
    error(train)=4.60e-02, acc(train)=9.87e-01, error(valid)=2.19e+00, acc(valid)=8.56e-01, error(test)=2.29e+00, acc(test)=8.46e-01
Epoch 189: 280.8s to complete
    error(train)=5.00e-02, acc(train)=9.87e-01, error(valid)=2.13e+00, acc(valid)=8.55e-01, error(test)=2.30e+00, acc(test)=8.49e-01
Epoch 190: 285.1s to complete
    error(train)=7.52e-02, acc(train)=9.84e-01, error(valid)=2.30e+00, acc(valid)=8.52e-01, error(test)=2.43e+00, acc(test)=8.46e-01
Epoch 191: 281.6s to complete
    error(train)=5.50e-02, acc(train)=9.86e-01, error(valid)=2.22e+00, acc(valid)=8.53e-01, error(test)=2.41e+00, acc(test)=8.46e-01
Epoch 192: 281.1s to complete
    error(train)=3.79e-02, acc(train)=9.90e-01, error(valid)=2.40e+00, acc(valid)=8.56e-01, error(test)=2.60e+00, acc(test)=8.48e-01
Epoch 193: 281.6s to complete
    error(train)=5.48e-02, acc(train)=9.86e-01, error(valid)=2.33e+00, acc(valid)=8.53e-01, error(test)=2.55e+00, acc(test)=8.46e-01
Epoch 194: 281.2s to complete
    error(train)=5.16e-02, acc(train)=9.85e-01, error(valid)=2.25e+00, acc(valid)=8.58e-01, error(test)=2.47e+00, acc(test)=8.49e-01
Epoch 195: 281.7s to complete
    error(train)=6.39e-02, acc(train)=9.84e-01, error(valid)=2.09e+00, acc(valid)=8.53e-01, error(test)=2.27e+00, acc(test)=8.41e-01
Epoch 196: 282.9s to complete
    error(train)=2.58e-02, acc(train)=9.92e-01, error(valid)=2.21e+00, acc(valid)=8.59e-01, error(test)=2.42e+00, acc(test)=8.48e-01
Epoch 197: 281.2s to complete
    error(train)=6.18e-02, acc(train)=9.85e-01, error(valid)=1.96e+00, acc(valid)=8.53e-01, error(test)=2.08e+00, acc(test)=8.45e-01
Epoch 198: 282.1s to complete
    error(train)=5.06e-02, acc(train)=9.87e-01, error(valid)=2.11e+00, acc(valid)=8.59e-01, error(test)=2.23e+00, acc(test)=8.49e-01
Epoch 199: 281.3s to complete
    error(train)=5.98e-02, acc(train)=9.84e-01, error(valid)=2.27e+00, acc(valid)=8.56e-01, error(test)=2.37e+00, acc(test)=8.49e-01
Epoch 200: 281.1s to complete
    error(train)=7.83e-02, acc(train)=9.82e-01, error(valid)=2.49e+00, acc(valid)=8.54e-01, error(test)=2.55e+00, acc(test)=8.48e-01
Epoch 201: 280.9s to complete
    error(train)=6.17e-02, acc(train)=9.84e-01, error(valid)=2.40e+00, acc(valid)=8.53e-01, error(test)=2.57e+00, acc(test)=8.45e-01
Epoch 202: 280.5s to complete
    error(train)=5.18e-02, acc(train)=9.86e-01, error(valid)=2.27e+00, acc(valid)=8.55e-01, error(test)=2.54e+00, acc(test)=8.44e-01
Epoch 203: 280.2s to complete
    error(train)=4.41e-02, acc(train)=9.89e-01, error(valid)=2.40e+00, acc(valid)=8.58e-01, error(test)=2.60e+00, acc(test)=8.50e-01
Epoch 204: 280.3s to complete
    error(train)=4.22e-02, acc(train)=9.88e-01, error(valid)=2.37e+00, acc(valid)=8.54e-01, error(test)=2.58e+00, acc(test)=8.45e-01
Epoch 205: 281.0s to complete
    error(train)=6.42e-02, acc(train)=9.82e-01, error(valid)=2.03e+00, acc(valid)=8.51e-01, error(test)=2.19e+00, acc(test)=8.44e-01
Epoch 206: 280.8s to complete
    error(train)=6.23e-02, acc(train)=9.84e-01, error(valid)=2.40e+00, acc(valid)=8.56e-01, error(test)=2.59e+00, acc(test)=8.48e-01
Epoch 207: 281.5s to complete
    error(train)=4.07e-02, acc(train)=9.89e-01, error(valid)=2.17e+00, acc(valid)=8.57e-01, error(test)=2.37e+00, acc(test)=8.49e-01
Epoch 208: 281.2s to complete
    error(train)=7.21e-02, acc(train)=9.82e-01, error(valid)=2.14e+00, acc(valid)=8.51e-01, error(test)=2.28e+00, acc(test)=8.47e-01
Epoch 209: 281.1s to complete
    error(train)=5.61e-02, acc(train)=9.86e-01, error(valid)=2.30e+00, acc(valid)=8.54e-01, error(test)=2.59e+00, acc(test)=8.42e-01
Epoch 210: 281.0s to complete
    error(train)=4.78e-02, acc(train)=9.88e-01, error(valid)=2.22e+00, acc(valid)=8.52e-01, error(test)=2.47e+00, acc(test)=8.44e-01
Epoch 211: 281.5s to complete
    error(train)=4.68e-02, acc(train)=9.88e-01, error(valid)=2.13e+00, acc(valid)=8.55e-01, error(test)=2.36e+00, acc(test)=8.49e-01
Epoch 212: 281.5s to complete
    error(train)=5.18e-02, acc(train)=9.86e-01, error(valid)=2.03e+00, acc(valid)=8.53e-01, error(test)=2.24e+00, acc(test)=8.44e-01
Epoch 213: 281.4s to complete
    error(train)=6.49e-02, acc(train)=9.84e-01, error(valid)=2.46e+00, acc(valid)=8.52e-01, error(test)=2.68e+00, acc(test)=8.47e-01
Epoch 214: 282.2s to complete
    error(train)=4.77e-02, acc(train)=9.88e-01, error(valid)=2.24e+00, acc(valid)=8.56e-01, error(test)=2.55e+00, acc(test)=8.47e-01
Epoch 215: 280.5s to complete
    error(train)=8.21e-02, acc(train)=9.80e-01, error(valid)=2.35e+00, acc(valid)=8.53e-01, error(test)=2.64e+00, acc(test)=8.44e-01
Epoch 216: 281.9s to complete
    error(train)=5.70e-02, acc(train)=9.86e-01, error(valid)=2.15e+00, acc(valid)=8.52e-01, error(test)=2.39e+00, acc(test)=8.45e-01
Epoch 217: 280.6s to complete
    error(train)=3.24e-02, acc(train)=9.92e-01, error(valid)=2.59e+00, acc(valid)=8.60e-01, error(test)=2.91e+00, acc(test)=8.49e-01
Epoch 218: 280.3s to complete
    error(train)=5.16e-02, acc(train)=9.88e-01, error(valid)=2.35e+00, acc(valid)=8.58e-01, error(test)=2.63e+00, acc(test)=8.50e-01
Epoch 219: 281.7s to complete
    error(train)=6.85e-02, acc(train)=9.83e-01, error(valid)=2.47e+00, acc(valid)=8.56e-01, error(test)=2.77e+00, acc(test)=8.48e-01
Epoch 220: 281.6s to complete
    error(train)=4.05e-02, acc(train)=9.89e-01, error(valid)=2.35e+00, acc(valid)=8.57e-01, error(test)=2.65e+00, acc(test)=8.48e-01
Epoch 221: 281.6s to complete
    error(train)=5.53e-02, acc(train)=9.86e-01, error(valid)=2.27e+00, acc(valid)=8.57e-01, error(test)=2.52e+00, acc(test)=8.46e-01
Epoch 222: 281.5s to complete
    error(train)=8.10e-02, acc(train)=9.81e-01, error(valid)=2.36e+00, acc(valid)=8.52e-01, error(test)=2.68e+00, acc(test)=8.45e-01
Epoch 223: 281.0s to complete
    error(train)=3.88e-02, acc(train)=9.90e-01, error(valid)=2.44e+00, acc(valid)=8.57e-01, error(test)=2.63e+00, acc(test)=8.49e-01
Epoch 224: 280.9s to complete
    error(train)=4.40e-02, acc(train)=9.88e-01, error(valid)=2.43e+00, acc(valid)=8.57e-01, error(test)=2.64e+00, acc(test)=8.46e-01
Epoch 225: 281.4s to complete
    error(train)=4.84e-02, acc(train)=9.88e-01, error(valid)=2.51e+00, acc(valid)=8.59e-01, error(test)=2.74e+00, acc(test)=8.47e-01
Epoch 226: 282.0s to complete
    error(train)=5.40e-02, acc(train)=9.87e-01, error(valid)=2.53e+00, acc(valid)=8.52e-01, error(test)=2.63e+00, acc(test)=8.47e-01
Epoch 227: 283.2s to complete
    error(train)=6.62e-02, acc(train)=9.84e-01, error(valid)=2.21e+00, acc(valid)=8.53e-01, error(test)=2.47e+00, acc(test)=8.48e-01
Epoch 228: 281.3s to complete
    error(train)=8.36e-02, acc(train)=9.79e-01, error(valid)=2.39e+00, acc(valid)=8.51e-01, error(test)=2.61e+00, acc(test)=8.41e-01
Epoch 229: 282.5s to complete
    error(train)=4.93e-02, acc(train)=9.87e-01, error(valid)=2.60e+00, acc(valid)=8.55e-01, error(test)=2.90e+00, acc(test)=8.47e-01
Epoch 230: 281.8s to complete
    error(train)=6.88e-02, acc(train)=9.83e-01, error(valid)=2.44e+00, acc(valid)=8.51e-01, error(test)=2.64e+00, acc(test)=8.48e-01
Epoch 231: 281.2s to complete
    error(train)=6.14e-02, acc(train)=9.85e-01, error(valid)=2.57e+00, acc(valid)=8.52e-01, error(test)=2.86e+00, acc(test)=8.48e-01
Epoch 232: 281.9s to complete
    error(train)=3.25e-02, acc(train)=9.90e-01, error(valid)=2.56e+00, acc(valid)=8.63e-01, error(test)=2.79e+00, acc(test)=8.51e-01
Epoch 233: 284.8s to complete
    error(train)=5.22e-02, acc(train)=9.88e-01, error(valid)=2.53e+00, acc(valid)=8.57e-01, error(test)=2.93e+00, acc(test)=8.48e-01
Epoch 234: 281.5s to complete
    error(train)=8.34e-02, acc(train)=9.80e-01, error(valid)=2.46e+00, acc(valid)=8.51e-01, error(test)=2.76e+00, acc(test)=8.43e-01
Epoch 235: 281.1s to complete
    error(train)=6.17e-02, acc(train)=9.85e-01, error(valid)=2.45e+00, acc(valid)=8.54e-01, error(test)=2.77e+00, acc(test)=8.40e-01
Epoch 236: 281.7s to complete
    error(train)=8.63e-02, acc(train)=9.83e-01, error(valid)=2.84e+00, acc(valid)=8.56e-01, error(test)=3.28e+00, acc(test)=8.43e-01
Epoch 237: 281.5s to complete
    error(train)=2.71e-02, acc(train)=9.93e-01, error(valid)=2.46e+00, acc(valid)=8.61e-01, error(test)=2.68e+00, acc(test)=8.48e-01
Epoch 238: 281.3s to complete
    error(train)=6.16e-02, acc(train)=9.85e-01, error(valid)=2.44e+00, acc(valid)=8.56e-01, error(test)=2.69e+00, acc(test)=8.46e-01
Epoch 239: 290.6s to complete
    error(train)=1.29e-01, acc(train)=9.72e-01, error(valid)=2.57e+00, acc(valid)=8.48e-01, error(test)=2.93e+00, acc(test)=8.40e-01
Epoch 240: 289.1s to complete
    error(train)=6.26e-02, acc(train)=9.86e-01, error(valid)=2.48e+00, acc(valid)=8.54e-01, error(test)=2.77e+00, acc(test)=8.46e-01
Epoch 241: 291.4s to complete
    error(train)=1.10e-01, acc(train)=9.78e-01, error(valid)=2.82e+00, acc(valid)=8.49e-01, error(test)=3.08e+00, acc(test)=8.38e-01
Epoch 242: 289.1s to complete
    error(train)=3.60e-02, acc(train)=9.91e-01, error(valid)=2.70e+00, acc(valid)=8.57e-01, error(test)=2.91e+00, acc(test)=8.48e-01
Epoch 243: 288.5s to complete
    error(train)=4.37e-02, acc(train)=9.90e-01, error(valid)=2.81e+00, acc(valid)=8.57e-01, error(test)=3.08e+00, acc(test)=8.47e-01
Epoch 244: 289.2s to complete
    error(train)=5.04e-02, acc(train)=9.88e-01, error(valid)=2.72e+00, acc(valid)=8.53e-01, error(test)=2.91e+00, acc(test)=8.49e-01
Epoch 245: 288.6s to complete
    error(train)=6.66e-02, acc(train)=9.85e-01, error(valid)=2.52e+00, acc(valid)=8.51e-01, error(test)=2.80e+00, acc(test)=8.45e-01
Epoch 246: 289.7s to complete
    error(train)=6.11e-02, acc(train)=9.85e-01, error(valid)=2.46e+00, acc(valid)=8.54e-01, error(test)=2.80e+00, acc(test)=8.47e-01
Epoch 247: 289.7s to complete
    error(train)=4.61e-02, acc(train)=9.89e-01, error(valid)=2.61e+00, acc(valid)=8.55e-01, error(test)=2.73e+00, acc(test)=8.47e-01
Epoch 248: 290.2s to complete
    error(train)=4.63e-02, acc(train)=9.90e-01, error(valid)=2.66e+00, acc(valid)=8.61e-01, error(test)=3.04e+00, acc(test)=8.48e-01
Epoch 249: 289.5s to complete
    error(train)=1.09e-01, acc(train)=9.79e-01, error(valid)=2.78e+00, acc(valid)=8.51e-01, error(test)=3.17e+00, acc(test)=8.41e-01
Epoch 250: 290.2s to complete
    error(train)=5.07e-02, acc(train)=9.89e-01, error(valid)=2.89e+00, acc(valid)=8.56e-01, error(test)=3.14e+00, acc(test)=8.48e-01
Epoch 251: 289.5s to complete
    error(train)=1.12e-01, acc(train)=9.77e-01, error(valid)=2.77e+00, acc(valid)=8.51e-01, error(test)=3.01e+00, acc(test)=8.44e-01
Epoch 252: 289.2s to complete
    error(train)=4.79e-02, acc(train)=9.87e-01, error(valid)=2.58e+00, acc(valid)=8.58e-01, error(test)=2.82e+00, acc(test)=8.47e-01
Epoch 253: 289.9s to complete
    error(train)=4.64e-02, acc(train)=9.89e-01, error(valid)=2.66e+00, acc(valid)=8.56e-01, error(test)=2.82e+00, acc(test)=8.49e-01
Epoch 254: 290.2s to complete
    error(train)=3.54e-02, acc(train)=9.90e-01, error(valid)=2.66e+00, acc(valid)=8.59e-01, error(test)=2.95e+00, acc(test)=8.50e-01
Epoch 255: 290.2s to complete
    error(train)=4.22e-02, acc(train)=9.89e-01, error(valid)=2.50e+00, acc(valid)=8.55e-01, error(test)=2.64e+00, acc(test)=8.47e-01
Epoch 256: 290.2s to complete
    error(train)=5.14e-02, acc(train)=9.88e-01, error(valid)=2.72e+00, acc(valid)=8.56e-01, error(test)=2.93e+00, acc(test)=8.49e-01
Epoch 257: 290.3s to complete
    error(train)=5.38e-02, acc(train)=9.88e-01, error(valid)=2.84e+00, acc(valid)=8.54e-01, error(test)=3.07e+00, acc(test)=8.50e-01
Epoch 258: 289.8s to complete
    error(train)=4.97e-02, acc(train)=9.88e-01, error(valid)=2.95e+00, acc(valid)=8.55e-01, error(test)=3.20e+00, acc(test)=8.47e-01
Epoch 259: 290.2s to complete
    error(train)=7.23e-02, acc(train)=9.81e-01, error(valid)=2.63e+00, acc(valid)=8.51e-01, error(test)=2.74e+00, acc(test)=8.44e-01
Epoch 260: 290.3s to complete
    error(train)=3.96e-02, acc(train)=9.89e-01, error(valid)=2.48e+00, acc(valid)=8.54e-01, error(test)=2.68e+00, acc(test)=8.47e-01
Epoch 261: 289.6s to complete
    error(train)=1.43e-01, acc(train)=9.70e-01, error(valid)=2.49e+00, acc(valid)=8.43e-01, error(test)=2.72e+00, acc(test)=8.41e-01
Epoch 262: 290.5s to complete
    error(train)=5.98e-02, acc(train)=9.86e-01, error(valid)=2.72e+00, acc(valid)=8.54e-01, error(test)=3.02e+00, acc(test)=8.47e-01
Epoch 263: 290.7s to complete
    error(train)=4.41e-02, acc(train)=9.90e-01, error(valid)=2.67e+00, acc(valid)=8.57e-01, error(test)=3.08e+00, acc(test)=8.49e-01
Epoch 264: 290.6s to complete
    error(train)=5.54e-02, acc(train)=9.89e-01, error(valid)=2.78e+00, acc(valid)=8.56e-01, error(test)=2.90e+00, acc(test)=8.46e-01
Epoch 265: 290.7s to complete
    error(train)=3.73e-02, acc(train)=9.91e-01, error(valid)=2.69e+00, acc(valid)=8.56e-01, error(test)=2.95e+00, acc(test)=8.51e-01
Epoch 266: 290.4s to complete
    error(train)=6.29e-02, acc(train)=9.85e-01, error(valid)=2.51e+00, acc(valid)=8.55e-01, error(test)=2.73e+00, acc(test)=8.46e-01
Epoch 267: 290.3s to complete
    error(train)=6.95e-02, acc(train)=9.86e-01, error(valid)=2.88e+00, acc(valid)=8.49e-01, error(test)=3.04e+00, acc(test)=8.41e-01
Epoch 268: 290.5s to complete
    error(train)=3.73e-02, acc(train)=9.90e-01, error(valid)=2.83e+00, acc(valid)=8.56e-01, error(test)=3.15e+00, acc(test)=8.51e-01
Epoch 269: 290.6s to complete
    error(train)=4.41e-02, acc(train)=9.89e-01, error(valid)=2.65e+00, acc(valid)=8.55e-01, error(test)=2.95e+00, acc(test)=8.48e-01
Epoch 270: 289.8s to complete
    error(train)=6.97e-02, acc(train)=9.85e-01, error(valid)=2.93e+00, acc(valid)=8.53e-01, error(test)=3.19e+00, acc(test)=8.44e-01
Epoch 271: 290.8s to complete
    error(train)=4.44e-02, acc(train)=9.89e-01, error(valid)=2.80e+00, acc(valid)=8.57e-01, error(test)=3.05e+00, acc(test)=8.47e-01
Epoch 272: 289.4s to complete
    error(train)=4.02e-02, acc(train)=9.90e-01, error(valid)=2.66e+00, acc(valid)=8.56e-01, error(test)=2.84e+00, acc(test)=8.49e-01
Epoch 273: 289.8s to complete
    error(train)=6.21e-02, acc(train)=9.86e-01, error(valid)=2.85e+00, acc(valid)=8.55e-01, error(test)=3.21e+00, acc(test)=8.46e-01
Epoch 274: 290.7s to complete
    error(train)=6.34e-02, acc(train)=9.87e-01, error(valid)=3.05e+00, acc(valid)=8.55e-01, error(test)=3.21e+00, acc(test)=8.47e-01
Epoch 275: 280.9s to complete
    error(train)=9.14e-02, acc(train)=9.82e-01, error(valid)=3.10e+00, acc(valid)=8.54e-01, error(test)=3.34e+00, acc(test)=8.44e-01
Epoch 276: 281.5s to complete
    error(train)=3.21e-02, acc(train)=9.93e-01, error(valid)=2.85e+00, acc(valid)=8.58e-01, error(test)=3.21e+00, acc(test)=8.48e-01
Epoch 277: 281.6s to complete
    error(train)=5.88e-02, acc(train)=9.87e-01, error(valid)=2.96e+00, acc(valid)=8.52e-01, error(test)=3.23e+00, acc(test)=8.46e-01
Epoch 278: 281.3s to complete
    error(train)=6.80e-02, acc(train)=9.85e-01, error(valid)=3.09e+00, acc(valid)=8.54e-01, error(test)=3.25e+00, acc(test)=8.47e-01
Epoch 279: 282.0s to complete
    error(train)=4.39e-02, acc(train)=9.89e-01, error(valid)=2.55e+00, acc(valid)=8.56e-01, error(test)=2.88e+00, acc(test)=8.48e-01
Epoch 280: 281.2s to complete
    error(train)=5.79e-02, acc(train)=9.87e-01, error(valid)=3.02e+00, acc(valid)=8.53e-01, error(test)=3.08e+00, acc(test)=8.44e-01
Epoch 281: 281.3s to complete
    error(train)=6.27e-02, acc(train)=9.85e-01, error(valid)=2.94e+00, acc(valid)=8.51e-01, error(test)=3.15e+00, acc(test)=8.48e-01
Epoch 282: 281.0s to complete
    error(train)=6.66e-02, acc(train)=9.85e-01, error(valid)=2.75e+00, acc(valid)=8.51e-01, error(test)=2.90e+00, acc(test)=8.44e-01
Epoch 283: 280.8s to complete
    error(train)=6.45e-02, acc(train)=9.86e-01, error(valid)=2.98e+00, acc(valid)=8.55e-01, error(test)=3.31e+00, acc(test)=8.47e-01
Epoch 284: 280.8s to complete
    error(train)=6.56e-02, acc(train)=9.87e-01, error(valid)=2.94e+00, acc(valid)=8.57e-01, error(test)=3.18e+00, acc(test)=8.48e-01
Epoch 285: 281.1s to complete
    error(train)=3.60e-02, acc(train)=9.91e-01, error(valid)=2.93e+00, acc(valid)=8.58e-01, error(test)=3.35e+00, acc(test)=8.49e-01
Epoch 286: 280.4s to complete
    error(train)=5.75e-02, acc(train)=9.86e-01, error(valid)=2.98e+00, acc(valid)=8.54e-01, error(test)=3.43e+00, acc(test)=8.46e-01
Epoch 287: 280.6s to complete
    error(train)=5.71e-02, acc(train)=9.88e-01, error(valid)=2.93e+00, acc(valid)=8.56e-01, error(test)=3.32e+00, acc(test)=8.44e-01
Epoch 288: 281.4s to complete
    error(train)=4.02e-02, acc(train)=9.91e-01, error(valid)=2.95e+00, acc(valid)=8.58e-01, error(test)=3.21e+00, acc(test)=8.49e-01
Epoch 289: 280.9s to complete
    error(train)=5.13e-02, acc(train)=9.88e-01, error(valid)=3.19e+00, acc(valid)=8.55e-01, error(test)=3.45e+00, acc(test)=8.47e-01
Epoch 290: 281.0s to complete
    error(train)=3.46e-02, acc(train)=9.92e-01, error(valid)=3.06e+00, acc(valid)=8.56e-01, error(test)=3.31e+00, acc(test)=8.48e-01
Epoch 291: 281.5s to complete
    error(train)=1.02e-01, acc(train)=9.80e-01, error(valid)=3.11e+00, acc(valid)=8.51e-01, error(test)=3.38e+00, acc(test)=8.41e-01
Epoch 292: 280.1s to complete
    error(train)=7.05e-02, acc(train)=9.86e-01, error(valid)=3.11e+00, acc(valid)=8.56e-01, error(test)=3.47e+00, acc(test)=8.44e-01
Epoch 293: 280.1s to complete
    error(train)=4.44e-02, acc(train)=9.88e-01, error(valid)=3.06e+00, acc(valid)=8.56e-01, error(test)=3.32e+00, acc(test)=8.48e-01
Epoch 294: 280.7s to complete
    error(train)=7.48e-02, acc(train)=9.85e-01, error(valid)=3.19e+00, acc(valid)=8.53e-01, error(test)=3.53e+00, acc(test)=8.45e-01
Epoch 295: 280.7s to complete
    error(train)=3.93e-02, acc(train)=9.90e-01, error(valid)=2.91e+00, acc(valid)=8.54e-01, error(test)=3.21e+00, acc(test)=8.44e-01
Epoch 296: 281.3s to complete
    error(train)=5.36e-02, acc(train)=9.88e-01, error(valid)=3.09e+00, acc(valid)=8.53e-01, error(test)=3.53e+00, acc(test)=8.45e-01
Epoch 297: 281.4s to complete
    error(train)=3.65e-02, acc(train)=9.91e-01, error(valid)=2.89e+00, acc(valid)=8.55e-01, error(test)=3.30e+00, acc(test)=8.46e-01
Epoch 298: 280.2s to complete
    error(train)=9.45e-02, acc(train)=9.81e-01, error(valid)=3.42e+00, acc(valid)=8.54e-01, error(test)=3.90e+00, acc(test)=8.44e-01
Epoch 299: 282.0s to complete
    error(train)=5.28e-02, acc(train)=9.89e-01, error(valid)=3.31e+00, acc(valid)=8.57e-01, error(test)=3.63e+00, acc(test)=8.48e-01
Epoch 300: 280.3s to complete
    error(train)=6.31e-02, acc(train)=9.86e-01, error(valid)=2.97e+00, acc(valid)=8.55e-01, error(test)=3.10e+00, acc(test)=8.45e-01
['inputs', 'targets']
['inputs', 'targets']
['inputs', 'targets']
MultiLayerModel(
    ReshapeLayer(output_shape=(1, 28, 28))
    ConvolutionalLayer(
    num_input_channels=1, num_output_channels=5,
    input_dim_1=28, input_dim_2=28,
    kernel_dim_1=5, kernel_dim_2=5
)
    MaxPoolLayer(
    num_input_channels=5,
    input_dim_1=24, input_dim_2=24,
    extent=2, stride=2
)
    ReshapeLayer(output_shape=(720,))
    ReluLayer
    ReshapeLayer(output_shape=(5, 12, 12))
    ConvolutionalLayer(
    num_input_channels=5, num_output_channels=10,
    input_dim_1=12, input_dim_2=12,
    kernel_dim_1=5, kernel_dim_2=5
)
    MaxPoolLayer(
    num_input_channels=10,
    input_dim_1=8, input_dim_2=8,
    extent=2, stride=2
)
    ReshapeLayer(output_shape=(160,))
    AffineLayer(input_dim=160, output_dim=400)
    ReluLayer
    AffineLayer(input_dim=400, output_dim=400)
    ReluLayer
    AffineLayer(input_dim=400, output_dim=400)
    ReluLayer
    AffineLayer(input_dim=400, output_dim=400)
    ReluLayer
    AffineLayer(input_dim=400, output_dim=47)
)
