Epoch 1: 273.6s to complete
    error(train)=5.46e-01, acc(train)=8.16e-01, error(valid)=5.43e-01, acc(valid)=8.17e-01, error(test)=5.73e-01, acc(test)=8.09e-01
Epoch 2: 273.1s to complete
    error(train)=4.66e-01, acc(train)=8.33e-01, error(valid)=4.68e-01, acc(valid)=8.32e-01, error(test)=4.99e-01, acc(test)=8.27e-01
Epoch 3: 273.4s to complete
    error(train)=4.32e-01, acc(train)=8.45e-01, error(valid)=4.38e-01, acc(valid)=8.45e-01, error(test)=4.72e-01, acc(test)=8.32e-01
Epoch 4: 273.0s to complete
    error(train)=4.02e-01, acc(train)=8.56e-01, error(valid)=4.16e-01, acc(valid)=8.56e-01, error(test)=4.55e-01, acc(test)=8.42e-01
Epoch 5: 273.1s to complete
    error(train)=4.12e-01, acc(train)=8.53e-01, error(valid)=4.19e-01, acc(valid)=8.51e-01, error(test)=4.63e-01, acc(test)=8.44e-01
Epoch 6: 273.5s to complete
    error(train)=3.82e-01, acc(train)=8.63e-01, error(valid)=3.96e-01, acc(valid)=8.60e-01, error(test)=4.36e-01, acc(test)=8.48e-01
Epoch 7: 276.6s to complete
    error(train)=3.68e-01, acc(train)=8.67e-01, error(valid)=3.82e-01, acc(valid)=8.65e-01, error(test)=4.22e-01, acc(test)=8.54e-01
Epoch 8: 274.6s to complete
    error(train)=3.59e-01, acc(train)=8.69e-01, error(valid)=3.79e-01, acc(valid)=8.64e-01, error(test)=4.13e-01, acc(test)=8.57e-01
Epoch 9: 274.5s to complete
    error(train)=3.55e-01, acc(train)=8.70e-01, error(valid)=3.79e-01, acc(valid)=8.64e-01, error(test)=4.14e-01, acc(test)=8.56e-01
Epoch 10: 274.3s to complete
    error(train)=3.58e-01, acc(train)=8.70e-01, error(valid)=3.83e-01, acc(valid)=8.63e-01, error(test)=4.21e-01, acc(test)=8.51e-01
Epoch 11: 274.3s to complete
    error(train)=3.45e-01, acc(train)=8.73e-01, error(valid)=3.73e-01, acc(valid)=8.66e-01, error(test)=4.09e-01, acc(test)=8.58e-01
Epoch 12: 273.2s to complete
    error(train)=3.35e-01, acc(train)=8.77e-01, error(valid)=3.68e-01, acc(valid)=8.67e-01, error(test)=4.02e-01, acc(test)=8.59e-01
Epoch 13: 274.0s to complete
    error(train)=3.32e-01, acc(train)=8.77e-01, error(valid)=3.61e-01, acc(valid)=8.69e-01, error(test)=4.02e-01, acc(test)=8.59e-01
Epoch 14: 294.8s to complete
    error(train)=3.32e-01, acc(train)=8.76e-01, error(valid)=3.64e-01, acc(valid)=8.68e-01, error(test)=4.02e-01, acc(test)=8.57e-01
Epoch 15: 299.7s to complete
    error(train)=3.24e-01, acc(train)=8.78e-01, error(valid)=3.55e-01, acc(valid)=8.70e-01, error(test)=3.96e-01, acc(test)=8.63e-01
Epoch 16: 299.4s to complete
    error(train)=3.20e-01, acc(train)=8.80e-01, error(valid)=3.55e-01, acc(valid)=8.71e-01, error(test)=3.96e-01, acc(test)=8.60e-01
Epoch 17: 301.4s to complete
    error(train)=3.13e-01, acc(train)=8.83e-01, error(valid)=3.59e-01, acc(valid)=8.71e-01, error(test)=3.91e-01, acc(test)=8.63e-01
Epoch 18: 301.1s to complete
    error(train)=3.13e-01, acc(train)=8.83e-01, error(valid)=3.51e-01, acc(valid)=8.73e-01, error(test)=3.88e-01, acc(test)=8.66e-01
Epoch 19: 300.7s to complete
    error(train)=3.05e-01, acc(train)=8.85e-01, error(valid)=3.43e-01, acc(valid)=8.75e-01, error(test)=3.88e-01, acc(test)=8.63e-01
Epoch 20: 299.2s to complete
    error(train)=3.06e-01, acc(train)=8.84e-01, error(valid)=3.49e-01, acc(valid)=8.74e-01, error(test)=3.93e-01, acc(test)=8.64e-01
Epoch 21: 300.0s to complete
    error(train)=3.02e-01, acc(train)=8.85e-01, error(valid)=3.47e-01, acc(valid)=8.74e-01, error(test)=3.88e-01, acc(test)=8.64e-01
Epoch 22: 299.8s to complete
    error(train)=2.96e-01, acc(train)=8.87e-01, error(valid)=3.45e-01, acc(valid)=8.75e-01, error(test)=3.87e-01, acc(test)=8.63e-01
Epoch 23: 300.1s to complete
    error(train)=3.02e-01, acc(train)=8.85e-01, error(valid)=3.53e-01, acc(valid)=8.73e-01, error(test)=3.88e-01, acc(test)=8.63e-01
UP1: error(valid) at 23 = 3.53e-01 > at 18 = 3.51e-01
Epoch 24: 300.1s to complete
    error(train)=2.95e-01, acc(train)=8.87e-01, error(valid)=3.46e-01, acc(valid)=8.73e-01, error(test)=3.79e-01, acc(test)=8.65e-01
UP1: error(valid) at 24 = 3.46e-01 > at 19 = 3.43e-01
Epoch 25: 301.1s to complete
    error(train)=2.86e-01, acc(train)=8.91e-01, error(valid)=3.37e-01, acc(valid)=8.79e-01, error(test)=3.73e-01, acc(test)=8.68e-01
Epoch 26: 301.2s to complete
    error(train)=2.90e-01, acc(train)=8.89e-01, error(valid)=3.46e-01, acc(valid)=8.75e-01, error(test)=3.78e-01, acc(test)=8.68e-01
Epoch 27: 301.0s to complete
    error(train)=2.84e-01, acc(train)=8.92e-01, error(valid)=3.37e-01, acc(valid)=8.81e-01, error(test)=3.72e-01, acc(test)=8.69e-01
Epoch 28: 300.6s to complete
    error(train)=2.85e-01, acc(train)=8.91e-01, error(valid)=3.42e-01, acc(valid)=8.76e-01, error(test)=3.79e-01, acc(test)=8.68e-01
Epoch 29: 300.4s to complete
    error(train)=2.81e-01, acc(train)=8.92e-01, error(valid)=3.41e-01, acc(valid)=8.77e-01, error(test)=3.78e-01, acc(test)=8.67e-01
Epoch 30: 304.0s to complete
    error(train)=2.76e-01, acc(train)=8.95e-01, error(valid)=3.38e-01, acc(valid)=8.79e-01, error(test)=3.73e-01, acc(test)=8.68e-01
UP1: error(valid) at 30 = 3.38e-01 > at 25 = 3.37e-01
Epoch 31: 302.1s to complete
    error(train)=2.76e-01, acc(train)=8.94e-01, error(valid)=3.41e-01, acc(valid)=8.78e-01, error(test)=3.74e-01, acc(test)=8.69e-01
Epoch 32: 302.2s to complete
    error(train)=2.77e-01, acc(train)=8.93e-01, error(valid)=3.41e-01, acc(valid)=8.76e-01, error(test)=3.75e-01, acc(test)=8.70e-01
UP1: error(valid) at 32 = 3.41e-01 > at 27 = 3.37e-01
Epoch 33: 302.1s to complete
    error(train)=2.72e-01, acc(train)=8.95e-01, error(valid)=3.37e-01, acc(valid)=8.77e-01, error(test)=3.73e-01, acc(test)=8.67e-01
Epoch 34: 304.8s to complete
    error(train)=2.68e-01, acc(train)=8.96e-01, error(valid)=3.33e-01, acc(valid)=8.81e-01, error(test)=3.66e-01, acc(test)=8.72e-01
Epoch 35: 302.6s to complete
    error(train)=2.66e-01, acc(train)=8.97e-01, error(valid)=3.33e-01, acc(valid)=8.80e-01, error(test)=3.72e-01, acc(test)=8.69e-01
Epoch 36: 302.1s to complete
    error(train)=2.64e-01, acc(train)=8.98e-01, error(valid)=3.34e-01, acc(valid)=8.79e-01, error(test)=3.66e-01, acc(test)=8.72e-01
Epoch 37: 302.3s to complete
    error(train)=2.68e-01, acc(train)=8.97e-01, error(valid)=3.35e-01, acc(valid)=8.80e-01, error(test)=3.69e-01, acc(test)=8.70e-01
Epoch 38: 303.1s to complete
    error(train)=2.66e-01, acc(train)=8.96e-01, error(valid)=3.36e-01, acc(valid)=8.77e-01, error(test)=3.74e-01, acc(test)=8.67e-01
Epoch 39: 302.8s to complete
    error(train)=2.60e-01, acc(train)=8.99e-01, error(valid)=3.32e-01, acc(valid)=8.81e-01, error(test)=3.67e-01, acc(test)=8.73e-01
Epoch 40: 303.9s to complete
    error(train)=2.65e-01, acc(train)=8.97e-01, error(valid)=3.35e-01, acc(valid)=8.79e-01, error(test)=3.76e-01, acc(test)=8.71e-01
UP1: error(valid) at 40 = 3.35e-01 > at 35 = 3.33e-01
Epoch 41: 302.5s to complete
    error(train)=2.56e-01, acc(train)=9.00e-01, error(valid)=3.33e-01, acc(valid)=8.82e-01, error(test)=3.66e-01, acc(test)=8.73e-01
Epoch 42: 302.8s to complete
    error(train)=2.59e-01, acc(train)=8.99e-01, error(valid)=3.35e-01, acc(valid)=8.82e-01, error(test)=3.67e-01, acc(test)=8.73e-01
Epoch 43: 302.6s to complete
    error(train)=2.56e-01, acc(train)=9.00e-01, error(valid)=3.31e-01, acc(valid)=8.82e-01, error(test)=3.68e-01, acc(test)=8.72e-01
Epoch 44: 302.7s to complete
    error(train)=2.57e-01, acc(train)=9.00e-01, error(valid)=3.34e-01, acc(valid)=8.79e-01, error(test)=3.70e-01, acc(test)=8.69e-01
UP1: error(valid) at 44 = 3.34e-01 > at 39 = 3.32e-01
Epoch 45: 303.5s to complete
    error(train)=2.52e-01, acc(train)=9.02e-01, error(valid)=3.29e-01, acc(valid)=8.83e-01, error(test)=3.63e-01, acc(test)=8.71e-01
Epoch 46: 303.6s to complete
    error(train)=2.48e-01, acc(train)=9.03e-01, error(valid)=3.26e-01, acc(valid)=8.82e-01, error(test)=3.65e-01, acc(test)=8.74e-01
Epoch 47: 302.9s to complete
    error(train)=2.57e-01, acc(train)=8.99e-01, error(valid)=3.38e-01, acc(valid)=8.80e-01, error(test)=3.78e-01, acc(test)=8.68e-01
UP1: error(valid) at 47 = 3.38e-01 > at 42 = 3.35e-01
Epoch 48: 303.6s to complete
    error(train)=2.52e-01, acc(train)=9.02e-01, error(valid)=3.35e-01, acc(valid)=8.79e-01, error(test)=3.72e-01, acc(test)=8.71e-01
UP1: error(valid) at 48 = 3.35e-01 > at 43 = 3.31e-01
Epoch 49: 302.9s to complete
    error(train)=2.58e-01, acc(train)=9.00e-01, error(valid)=3.42e-01, acc(valid)=8.77e-01, error(test)=3.76e-01, acc(test)=8.68e-01
UP1: error(valid) at 49 = 3.42e-01 > at 44 = 3.34e-01
UP2: error(valid) at 44 = 3.34e-01 > at 39 = 3.32e-01
Epoch 50: 302.6s to complete
    error(train)=2.50e-01, acc(train)=9.02e-01, error(valid)=3.34e-01, acc(valid)=8.82e-01, error(test)=3.69e-01, acc(test)=8.71e-01
UP1: error(valid) at 50 = 3.34e-01 > at 45 = 3.29e-01
Epoch 51: 303.0s to complete
    error(train)=2.51e-01, acc(train)=9.01e-01, error(valid)=3.36e-01, acc(valid)=8.78e-01, error(test)=3.75e-01, acc(test)=8.70e-01
UP1: error(valid) at 51 = 3.36e-01 > at 46 = 3.26e-01
Epoch 52: 302.8s to complete
    error(train)=2.47e-01, acc(train)=9.03e-01, error(valid)=3.35e-01, acc(valid)=8.80e-01, error(test)=3.71e-01, acc(test)=8.70e-01
Epoch 53: 302.5s to complete
    error(train)=2.45e-01, acc(train)=9.04e-01, error(valid)=3.30e-01, acc(valid)=8.79e-01, error(test)=3.71e-01, acc(test)=8.70e-01
Epoch 54: 302.7s to complete
    error(train)=2.45e-01, acc(train)=9.04e-01, error(valid)=3.27e-01, acc(valid)=8.82e-01, error(test)=3.67e-01, acc(test)=8.71e-01
Epoch 55: 303.1s to complete
    error(train)=2.43e-01, acc(train)=9.04e-01, error(valid)=3.30e-01, acc(valid)=8.81e-01, error(test)=3.71e-01, acc(test)=8.73e-01
Epoch 56: 304.7s to complete
    error(train)=2.47e-01, acc(train)=9.03e-01, error(valid)=3.35e-01, acc(valid)=8.79e-01, error(test)=3.72e-01, acc(test)=8.71e-01
Epoch 57: 303.0s to complete
    error(train)=2.42e-01, acc(train)=9.05e-01, error(valid)=3.32e-01, acc(valid)=8.81e-01, error(test)=3.70e-01, acc(test)=8.74e-01
Epoch 58: 304.8s to complete
    error(train)=2.43e-01, acc(train)=9.04e-01, error(valid)=3.32e-01, acc(valid)=8.82e-01, error(test)=3.73e-01, acc(test)=8.74e-01
UP1: error(valid) at 58 = 3.32e-01 > at 53 = 3.30e-01
Epoch 59: 303.4s to complete
    error(train)=2.40e-01, acc(train)=9.06e-01, error(valid)=3.32e-01, acc(valid)=8.79e-01, error(test)=3.72e-01, acc(test)=8.71e-01
UP1: error(valid) at 59 = 3.32e-01 > at 54 = 3.27e-01
Epoch 60: 304.4s to complete
    error(train)=2.39e-01, acc(train)=9.05e-01, error(valid)=3.29e-01, acc(valid)=8.82e-01, error(test)=3.68e-01, acc(test)=8.73e-01
Epoch 61: 304.7s to complete
    error(train)=2.39e-01, acc(train)=9.05e-01, error(valid)=3.33e-01, acc(valid)=8.79e-01, error(test)=3.69e-01, acc(test)=8.73e-01
Epoch 62: 304.1s to complete
    error(train)=2.34e-01, acc(train)=9.08e-01, error(valid)=3.32e-01, acc(valid)=8.81e-01, error(test)=3.69e-01, acc(test)=8.74e-01
UP1: error(valid) at 62 = 3.32e-01 > at 57 = 3.32e-01
Epoch 63: 303.1s to complete
    error(train)=2.40e-01, acc(train)=9.05e-01, error(valid)=3.33e-01, acc(valid)=8.82e-01, error(test)=3.72e-01, acc(test)=8.72e-01
UP1: error(valid) at 63 = 3.33e-01 > at 58 = 3.32e-01
UP2: error(valid) at 58 = 3.32e-01 > at 53 = 3.30e-01
Epoch 64: 303.5s to complete
    error(train)=2.33e-01, acc(train)=9.07e-01, error(valid)=3.33e-01, acc(valid)=8.84e-01, error(test)=3.66e-01, acc(test)=8.73e-01
UP1: error(valid) at 64 = 3.33e-01 > at 59 = 3.32e-01
UP2: error(valid) at 59 = 3.32e-01 > at 54 = 3.27e-01
Epoch 65: 303.3s to complete
    error(train)=2.35e-01, acc(train)=9.07e-01, error(valid)=3.36e-01, acc(valid)=8.80e-01, error(test)=3.72e-01, acc(test)=8.73e-01
UP1: error(valid) at 65 = 3.36e-01 > at 60 = 3.29e-01
Epoch 66: 303.9s to complete
    error(train)=2.37e-01, acc(train)=9.07e-01, error(valid)=3.33e-01, acc(valid)=8.81e-01, error(test)=3.71e-01, acc(test)=8.74e-01
Epoch 67: 303.4s to complete
    error(train)=2.33e-01, acc(train)=9.07e-01, error(valid)=3.31e-01, acc(valid)=8.82e-01, error(test)=3.69e-01, acc(test)=8.73e-01
Epoch 68: 303.4s to complete
    error(train)=2.34e-01, acc(train)=9.06e-01, error(valid)=3.33e-01, acc(valid)=8.78e-01, error(test)=3.70e-01, acc(test)=8.72e-01
Epoch 69: 306.2s to complete
    error(train)=2.31e-01, acc(train)=9.09e-01, error(valid)=3.31e-01, acc(valid)=8.80e-01, error(test)=3.62e-01, acc(test)=8.74e-01
Epoch 70: 303.8s to complete
    error(train)=2.36e-01, acc(train)=9.06e-01, error(valid)=3.39e-01, acc(valid)=8.78e-01, error(test)=3.76e-01, acc(test)=8.69e-01
UP1: error(valid) at 70 = 3.39e-01 > at 65 = 3.36e-01
UP2: error(valid) at 65 = 3.36e-01 > at 60 = 3.29e-01
Epoch 71: 307.5s to complete
    error(train)=2.31e-01, acc(train)=9.08e-01, error(valid)=3.35e-01, acc(valid)=8.81e-01, error(test)=3.71e-01, acc(test)=8.74e-01
UP1: error(valid) at 71 = 3.35e-01 > at 66 = 3.33e-01
Epoch 72: 307.2s to complete
    error(train)=2.35e-01, acc(train)=9.07e-01, error(valid)=3.37e-01, acc(valid)=8.81e-01, error(test)=3.72e-01, acc(test)=8.70e-01
UP1: error(valid) at 72 = 3.37e-01 > at 67 = 3.31e-01
Epoch 73: 303.3s to complete
    error(train)=2.33e-01, acc(train)=9.06e-01, error(valid)=3.39e-01, acc(valid)=8.79e-01, error(test)=3.73e-01, acc(test)=8.69e-01
UP1: error(valid) at 73 = 3.39e-01 > at 68 = 3.33e-01
Epoch 74: 304.8s to complete
    error(train)=2.30e-01, acc(train)=9.09e-01, error(valid)=3.33e-01, acc(valid)=8.83e-01, error(test)=3.71e-01, acc(test)=8.71e-01
UP1: error(valid) at 74 = 3.33e-01 > at 69 = 3.31e-01
Epoch 75: 304.2s to complete
    error(train)=2.27e-01, acc(train)=9.09e-01, error(valid)=3.32e-01, acc(valid)=8.83e-01, error(test)=3.68e-01, acc(test)=8.69e-01
Epoch 76: 303.6s to complete
    error(train)=2.26e-01, acc(train)=9.10e-01, error(valid)=3.31e-01, acc(valid)=8.83e-01, error(test)=3.64e-01, acc(test)=8.73e-01
Epoch 77: 302.6s to complete
    error(train)=2.31e-01, acc(train)=9.08e-01, error(valid)=3.35e-01, acc(valid)=8.79e-01, error(test)=3.75e-01, acc(test)=8.70e-01
Epoch 78: 303.9s to complete
    error(train)=2.27e-01, acc(train)=9.09e-01, error(valid)=3.33e-01, acc(valid)=8.83e-01, error(test)=3.72e-01, acc(test)=8.72e-01
Epoch 79: 304.8s to complete
    error(train)=2.22e-01, acc(train)=9.10e-01, error(valid)=3.27e-01, acc(valid)=8.85e-01, error(test)=3.70e-01, acc(test)=8.74e-01
Epoch 80: 302.9s to complete
    error(train)=2.24e-01, acc(train)=9.09e-01, error(valid)=3.27e-01, acc(valid)=8.82e-01, error(test)=3.66e-01, acc(test)=8.73e-01
Epoch 81: 302.8s to complete
    error(train)=2.22e-01, acc(train)=9.12e-01, error(valid)=3.31e-01, acc(valid)=8.82e-01, error(test)=3.66e-01, acc(test)=8.73e-01
UP1: error(valid) at 81 = 3.31e-01 > at 76 = 3.31e-01
Epoch 82: 303.4s to complete
    error(train)=2.24e-01, acc(train)=9.09e-01, error(valid)=3.34e-01, acc(valid)=8.80e-01, error(test)=3.75e-01, acc(test)=8.70e-01
Epoch 83: 303.3s to complete
    error(train)=2.20e-01, acc(train)=9.12e-01, error(valid)=3.29e-01, acc(valid)=8.85e-01, error(test)=3.68e-01, acc(test)=8.74e-01
Epoch 84: 302.4s to complete
    error(train)=2.24e-01, acc(train)=9.10e-01, error(valid)=3.36e-01, acc(valid)=8.81e-01, error(test)=3.73e-01, acc(test)=8.72e-01
UP1: error(valid) at 84 = 3.36e-01 > at 79 = 3.27e-01
Epoch 85: 303.5s to complete
    error(train)=2.21e-01, acc(train)=9.11e-01, error(valid)=3.32e-01, acc(valid)=8.83e-01, error(test)=3.74e-01, acc(test)=8.73e-01
UP1: error(valid) at 85 = 3.32e-01 > at 80 = 3.27e-01
Epoch 86: 303.3s to complete
    error(train)=2.22e-01, acc(train)=9.11e-01, error(valid)=3.31e-01, acc(valid)=8.83e-01, error(test)=3.75e-01, acc(test)=8.71e-01
UP1: error(valid) at 86 = 3.31e-01 > at 81 = 3.31e-01
UP2: error(valid) at 81 = 3.31e-01 > at 76 = 3.31e-01
Epoch 87: 304.2s to complete
    error(train)=2.19e-01, acc(train)=9.12e-01, error(valid)=3.27e-01, acc(valid)=8.82e-01, error(test)=3.70e-01, acc(test)=8.72e-01
Epoch 88: 305.9s to complete
    error(train)=2.19e-01, acc(train)=9.11e-01, error(valid)=3.28e-01, acc(valid)=8.83e-01, error(test)=3.73e-01, acc(test)=8.72e-01
Epoch 89: 302.9s to complete
    error(train)=2.20e-01, acc(train)=9.12e-01, error(valid)=3.35e-01, acc(valid)=8.82e-01, error(test)=3.72e-01, acc(test)=8.71e-01
Epoch 90: 303.5s to complete
    error(train)=2.19e-01, acc(train)=9.12e-01, error(valid)=3.31e-01, acc(valid)=8.83e-01, error(test)=3.73e-01, acc(test)=8.71e-01
Epoch 91: 302.3s to complete
    error(train)=2.22e-01, acc(train)=9.11e-01, error(valid)=3.37e-01, acc(valid)=8.81e-01, error(test)=3.77e-01, acc(test)=8.69e-01
UP1: error(valid) at 91 = 3.37e-01 > at 86 = 3.31e-01
UP2: error(valid) at 86 = 3.31e-01 > at 81 = 3.31e-01
UP3: error(valid) at 81 = 3.31e-01 > at 76 = 3.31e-01
EARLY STOPPING
['inputs', 'targets']
['inputs', 'targets']
['inputs', 'targets']
MultiLayerModel(
    DropoutLayer(incl_prob=0.8)
    ReshapeLayer(output_shape=(1, 28, 28))
    ConvolutionalLayer(
    num_input_channels=1, num_output_channels=5,
    input_dim_1=28, input_dim_2=28,
    kernel_dim_1=5, kernel_dim_2=5
)
    MaxPoolLayer(
    num_input_channels=5,
    input_dim_1=24, input_dim_2=24,
    extent=2, stride=2
)
    ReluLayer
    ConvolutionalLayer(
    num_input_channels=5, num_output_channels=10,
    input_dim_1=12, input_dim_2=12,
    kernel_dim_1=5, kernel_dim_2=5
)
    MaxPoolLayer(
    num_input_channels=10,
    input_dim_1=8, input_dim_2=8,
    extent=2, stride=2
)
    ReluLayer
    ReshapeLayer(output_shape=(160,))
    DropoutLayer(incl_prob=0.8)
    AffineLayerWithoutBias(input_dim=160, output_dim=400)
    BatchNormalizationLayer(input_dim=400)
    ReluLayer
    DropoutLayer(incl_prob=0.8)
    AffineLayerWithoutBias(input_dim=400, output_dim=400)
    BatchNormalizationLayer(input_dim=400)
    ReluLayer
    AffineLayer(input_dim=400, output_dim=47)
)
