Epoch 1: 261.3s to complete
    error(train)=3.85e+00, acc(train)=1.09e-02, error(valid)=3.85e+00, acc(valid)=1.01e-02, error(test)=3.85e+00, acc(test)=9.87e-03
Epoch 2: 260.0s to complete
    error(train)=8.77e-01, acc(train)=7.27e-01, error(valid)=8.68e-01, acc(valid)=7.25e-01, error(test)=8.96e-01, acc(test)=7.23e-01
Epoch 3: 259.8s to complete
    error(train)=6.82e-01, acc(train)=7.83e-01, error(valid)=6.75e-01, acc(valid)=7.83e-01, error(test)=7.11e-01, acc(test)=7.77e-01
Epoch 4: 260.3s to complete
    error(train)=6.09e-01, acc(train)=8.05e-01, error(valid)=6.10e-01, acc(valid)=8.03e-01, error(test)=6.46e-01, acc(test)=7.94e-01
Epoch 5: 260.8s to complete
    error(train)=5.78e-01, acc(train)=8.13e-01, error(valid)=5.82e-01, acc(valid)=8.10e-01, error(test)=6.20e-01, acc(test)=8.01e-01
Epoch 6: 260.1s to complete
    error(train)=5.45e-01, acc(train)=8.19e-01, error(valid)=5.56e-01, acc(valid)=8.13e-01, error(test)=5.83e-01, acc(test)=8.08e-01
Epoch 7: 260.1s to complete
    error(train)=5.23e-01, acc(train)=8.28e-01, error(valid)=5.34e-01, acc(valid)=8.24e-01, error(test)=5.66e-01, acc(test)=8.15e-01
Epoch 8: 259.0s to complete
    error(train)=5.01e-01, acc(train)=8.34e-01, error(valid)=5.16e-01, acc(valid)=8.29e-01, error(test)=5.49e-01, acc(test)=8.21e-01
Epoch 9: 260.3s to complete
    error(train)=4.74e-01, acc(train)=8.38e-01, error(valid)=4.90e-01, acc(valid)=8.33e-01, error(test)=5.26e-01, acc(test)=8.27e-01
Epoch 10: 260.6s to complete
    error(train)=4.58e-01, acc(train)=8.47e-01, error(valid)=4.79e-01, acc(valid)=8.38e-01, error(test)=5.16e-01, acc(test)=8.33e-01
Epoch 11: 260.7s to complete
    error(train)=4.47e-01, acc(train)=8.49e-01, error(valid)=4.67e-01, acc(valid)=8.41e-01, error(test)=5.05e-01, acc(test)=8.35e-01
Epoch 12: 259.9s to complete
    error(train)=4.44e-01, acc(train)=8.49e-01, error(valid)=4.68e-01, acc(valid)=8.41e-01, error(test)=5.05e-01, acc(test)=8.36e-01
Epoch 13: 260.4s to complete
    error(train)=4.30e-01, acc(train)=8.52e-01, error(valid)=4.55e-01, acc(valid)=8.45e-01, error(test)=4.87e-01, acc(test)=8.41e-01
Epoch 14: 264.6s to complete
    error(train)=4.19e-01, acc(train)=8.56e-01, error(valid)=4.45e-01, acc(valid)=8.45e-01, error(test)=4.80e-01, acc(test)=8.41e-01
Epoch 15: 260.0s to complete
    error(train)=4.13e-01, acc(train)=8.58e-01, error(valid)=4.42e-01, acc(valid)=8.48e-01, error(test)=4.77e-01, acc(test)=8.42e-01
Epoch 16: 260.9s to complete
    error(train)=4.14e-01, acc(train)=8.57e-01, error(valid)=4.47e-01, acc(valid)=8.49e-01, error(test)=4.84e-01, acc(test)=8.39e-01
Epoch 17: 260.2s to complete
    error(train)=4.03e-01, acc(train)=8.61e-01, error(valid)=4.38e-01, acc(valid)=8.51e-01, error(test)=4.76e-01, acc(test)=8.46e-01
Epoch 18: 259.6s to complete
    error(train)=3.94e-01, acc(train)=8.64e-01, error(valid)=4.33e-01, acc(valid)=8.54e-01, error(test)=4.68e-01, acc(test)=8.47e-01
Epoch 19: 261.1s to complete
    error(train)=3.96e-01, acc(train)=8.61e-01, error(valid)=4.38e-01, acc(valid)=8.48e-01, error(test)=4.68e-01, acc(test)=8.44e-01
Epoch 20: 259.6s to complete
    error(train)=3.97e-01, acc(train)=8.62e-01, error(valid)=4.36e-01, acc(valid)=8.52e-01, error(test)=4.67e-01, acc(test)=8.47e-01
UP1: error(valid) at 20 = 4.34e-01 > at 17 = 4.33e-01
Epoch 21: 260.3s to complete
    error(train)=3.92e-01, acc(train)=8.63e-01, error(valid)=4.34e-01, acc(valid)=8.53e-01, error(test)=4.65e-01, acc(test)=8.44e-01
Epoch 22: 260.5s to complete
    error(train)=3.83e-01, acc(train)=8.64e-01, error(valid)=4.23e-01, acc(valid)=8.54e-01, error(test)=4.56e-01, acc(test)=8.45e-01
Epoch 23: 263.0s to complete
    error(train)=3.86e-01, acc(train)=8.65e-01, error(valid)=4.31e-01, acc(valid)=8.54e-01, error(test)=4.62e-01, acc(test)=8.49e-01
Epoch 24: 259.3s to complete
    error(train)=3.66e-01, acc(train)=8.71e-01, error(valid)=4.12e-01, acc(valid)=8.61e-01, error(test)=4.42e-01, acc(test)=8.52e-01
Epoch 25: 260.4s to complete
    error(train)=3.72e-01, acc(train)=8.67e-01, error(valid)=4.20e-01, acc(valid)=8.57e-01, error(test)=4.50e-01, acc(test)=8.51e-01
Epoch 26: 261.2s to complete
    error(train)=3.57e-01, acc(train)=8.74e-01, error(valid)=4.09e-01, acc(valid)=8.60e-01, error(test)=4.38e-01, acc(test)=8.54e-01
UP1: error(valid) at 26 = 4.13e-01 > at 23 = 4.12e-01
Epoch 27: 261.1s to complete
    error(train)=3.67e-01, acc(train)=8.69e-01, error(valid)=4.13e-01, acc(valid)=8.54e-01, error(test)=4.51e-01, acc(test)=8.50e-01
Epoch 28: 261.0s to complete
    error(train)=3.56e-01, acc(train)=8.73e-01, error(valid)=4.06e-01, acc(valid)=8.59e-01, error(test)=4.40e-01, acc(test)=8.53e-01
UP1: error(valid) at 28 = 4.13e-01 > at 25 = 4.09e-01
Epoch 29: 261.0s to complete
    error(train)=3.63e-01, acc(train)=8.70e-01, error(valid)=4.13e-01, acc(valid)=8.57e-01, error(test)=4.48e-01, acc(test)=8.47e-01
Epoch 30: 260.6s to complete
    error(train)=3.50e-01, acc(train)=8.75e-01, error(valid)=4.07e-01, acc(valid)=8.60e-01, error(test)=4.41e-01, acc(test)=8.53e-01
UP1: error(valid) at 30 = 4.15e-01 > at 27 = 4.06e-01
Epoch 31: 261.3s to complete
    error(train)=3.59e-01, acc(train)=8.71e-01, error(valid)=4.15e-01, acc(valid)=8.56e-01, error(test)=4.51e-01, acc(test)=8.50e-01
UP1: error(valid) at 31 = 4.17e-01 > at 28 = 4.13e-01
UP2: error(valid) at 28 = 4.13e-01 > at 25 = 4.09e-01
Epoch 32: 259.9s to complete
    error(train)=3.57e-01, acc(train)=8.73e-01, error(valid)=4.17e-01, acc(valid)=8.58e-01, error(test)=4.44e-01, acc(test)=8.51e-01
Epoch 33: 261.1s to complete
    error(train)=3.43e-01, acc(train)=8.78e-01, error(valid)=4.01e-01, acc(valid)=8.63e-01, error(test)=4.36e-01, acc(test)=8.54e-01
Epoch 34: 260.9s to complete
    error(train)=3.46e-01, acc(train)=8.77e-01, error(valid)=4.04e-01, acc(valid)=8.60e-01, error(test)=4.40e-01, acc(test)=8.57e-01
Epoch 35: 260.7s to complete
    error(train)=3.39e-01, acc(train)=8.80e-01, error(valid)=4.01e-01, acc(valid)=8.66e-01, error(test)=4.40e-01, acc(test)=8.56e-01
Epoch 36: 261.2s to complete
    error(train)=3.32e-01, acc(train)=8.81e-01, error(valid)=3.94e-01, acc(valid)=8.65e-01, error(test)=4.30e-01, acc(test)=8.58e-01
Epoch 37: 260.2s to complete
    error(train)=3.34e-01, acc(train)=8.79e-01, error(valid)=3.97e-01, acc(valid)=8.61e-01, error(test)=4.26e-01, acc(test)=8.54e-01
UP1: error(valid) at 37 = 4.05e-01 > at 34 = 4.01e-01
Epoch 38: 260.2s to complete
    error(train)=3.35e-01, acc(train)=8.80e-01, error(valid)=4.05e-01, acc(valid)=8.62e-01, error(test)=4.36e-01, acc(test)=8.54e-01
Epoch 39: 262.4s to complete
    error(train)=3.27e-01, acc(train)=8.84e-01, error(valid)=3.90e-01, acc(valid)=8.66e-01, error(test)=4.30e-01, acc(test)=8.59e-01
UP1: error(valid) at 39 = 4.03e-01 > at 36 = 3.97e-01
Epoch 40: 261.6s to complete
    error(train)=3.36e-01, acc(train)=8.78e-01, error(valid)=4.03e-01, acc(valid)=8.60e-01, error(test)=4.38e-01, acc(test)=8.55e-01
Epoch 41: 261.3s to complete
    error(train)=3.36e-01, acc(train)=8.77e-01, error(valid)=4.04e-01, acc(valid)=8.57e-01, error(test)=4.42e-01, acc(test)=8.51e-01
UP1: error(valid) at 41 = 3.99e-01 > at 38 = 3.90e-01
Epoch 42: 261.2s to complete
    error(train)=3.33e-01, acc(train)=8.79e-01, error(valid)=3.99e-01, acc(valid)=8.59e-01, error(test)=4.42e-01, acc(test)=8.51e-01
Epoch 43: 261.0s to complete
    error(train)=3.21e-01, acc(train)=8.84e-01, error(valid)=3.87e-01, acc(valid)=8.67e-01, error(test)=4.26e-01, acc(test)=8.60e-01
Epoch 44: 261.2s to complete
    error(train)=3.28e-01, acc(train)=8.80e-01, error(valid)=4.03e-01, acc(valid)=8.59e-01, error(test)=4.38e-01, acc(test)=8.54e-01
Epoch 45: 260.9s to complete
    error(train)=3.23e-01, acc(train)=8.84e-01, error(valid)=3.97e-01, acc(valid)=8.62e-01, error(test)=4.32e-01, acc(test)=8.55e-01
UP1: error(valid) at 45 = 4.11e-01 > at 42 = 3.87e-01
Epoch 46: 260.4s to complete
    error(train)=3.34e-01, acc(train)=8.78e-01, error(valid)=4.11e-01, acc(valid)=8.59e-01, error(test)=4.41e-01, acc(test)=8.49e-01
Epoch 47: 259.9s to complete
    error(train)=3.17e-01, acc(train)=8.84e-01, error(valid)=3.94e-01, acc(valid)=8.64e-01, error(test)=4.30e-01, acc(test)=8.55e-01
UP1: error(valid) at 47 = 4.03e-01 > at 44 = 3.97e-01
Epoch 48: 260.0s to complete
    error(train)=3.24e-01, acc(train)=8.83e-01, error(valid)=4.03e-01, acc(valid)=8.63e-01, error(test)=4.34e-01, acc(test)=8.54e-01
Epoch 49: 260.6s to complete
    error(train)=3.28e-01, acc(train)=8.80e-01, error(valid)=4.04e-01, acc(valid)=8.64e-01, error(test)=4.40e-01, acc(test)=8.53e-01
UP1: error(valid) at 49 = 4.03e-01 > at 46 = 3.94e-01
Epoch 50: 260.6s to complete
    error(train)=3.26e-01, acc(train)=8.82e-01, error(valid)=4.03e-01, acc(valid)=8.60e-01, error(test)=4.44e-01, acc(test)=8.52e-01
UP1: error(valid) at 50 = 4.04e-01 > at 47 = 4.03e-01
UP2: error(valid) at 47 = 4.03e-01 > at 44 = 3.97e-01
Epoch 51: 260.4s to complete
    error(train)=3.22e-01, acc(train)=8.83e-01, error(valid)=4.04e-01, acc(valid)=8.65e-01, error(test)=4.34e-01, acc(test)=8.59e-01
Epoch 52: 259.5s to complete
    error(train)=3.19e-01, acc(train)=8.84e-01, error(valid)=3.98e-01, acc(valid)=8.63e-01, error(test)=4.31e-01, acc(test)=8.59e-01
Epoch 53: 261.9s to complete
    error(train)=3.12e-01, acc(train)=8.87e-01, error(valid)=3.89e-01, acc(valid)=8.66e-01, error(test)=4.27e-01, acc(test)=8.59e-01
Epoch 54: 261.3s to complete
    error(train)=3.11e-01, acc(train)=8.87e-01, error(valid)=3.90e-01, acc(valid)=8.67e-01, error(test)=4.28e-01, acc(test)=8.57e-01
UP1: error(valid) at 54 = 4.00e-01 > at 51 = 3.98e-01
Epoch 55: 261.6s to complete
    error(train)=3.17e-01, acc(train)=8.86e-01, error(valid)=4.00e-01, acc(valid)=8.63e-01, error(test)=4.35e-01, acc(test)=8.56e-01
UP1: error(valid) at 55 = 3.99e-01 > at 52 = 3.89e-01
Epoch 56: 260.0s to complete
    error(train)=3.16e-01, acc(train)=8.84e-01, error(valid)=3.99e-01, acc(valid)=8.65e-01, error(test)=4.37e-01, acc(test)=8.54e-01
UP1: error(valid) at 56 = 3.95e-01 > at 53 = 3.90e-01
Epoch 57: 260.0s to complete
    error(train)=3.10e-01, acc(train)=8.88e-01, error(valid)=3.95e-01, acc(valid)=8.66e-01, error(test)=4.29e-01, acc(test)=8.58e-01
Epoch 58: 260.0s to complete
    error(train)=3.11e-01, acc(train)=8.86e-01, error(valid)=3.97e-01, acc(valid)=8.63e-01, error(test)=4.35e-01, acc(test)=8.57e-01
UP1: error(valid) at 58 = 4.03e-01 > at 55 = 3.99e-01
UP2: error(valid) at 55 = 3.99e-01 > at 52 = 3.89e-01
Epoch 59: 260.5s to complete
    error(train)=3.21e-01, acc(train)=8.82e-01, error(valid)=4.03e-01, acc(valid)=8.60e-01, error(test)=4.47e-01, acc(test)=8.52e-01
UP1: error(valid) at 59 = 3.99e-01 > at 56 = 3.95e-01
UP2: error(valid) at 56 = 3.95e-01 > at 53 = 3.90e-01
Epoch 60: 260.8s to complete
    error(train)=3.14e-01, acc(train)=8.86e-01, error(valid)=3.99e-01, acc(valid)=8.65e-01, error(test)=4.41e-01, acc(test)=8.57e-01
UP1: error(valid) at 60 = 3.97e-01 > at 57 = 3.97e-01
Epoch 61: 259.8s to complete
    error(train)=3.11e-01, acc(train)=8.85e-01, error(valid)=3.97e-01, acc(valid)=8.64e-01, error(test)=4.36e-01, acc(test)=8.58e-01
Epoch 62: 260.9s to complete
    error(train)=3.10e-01, acc(train)=8.87e-01, error(valid)=4.00e-01, acc(valid)=8.65e-01, error(test)=4.38e-01, acc(test)=8.59e-01
UP1: error(valid) at 62 = 4.04e-01 > at 59 = 3.99e-01
UP2: error(valid) at 59 = 3.99e-01 > at 56 = 3.95e-01
UP3: error(valid) at 56 = 3.95e-01 > at 53 = 3.90e-01
EARLY STOPPING
['inputs', 'targets']
['inputs', 'targets']
['inputs', 'targets']
